<?xml version="1.0" encoding="UTF-8"?>
<testng-results skipped="0" failed="0" ignored="0" total="2" passed="2">
  <reporter-output>
  </reporter-output>
  <suite name="Default suite" duration-ms="28025" started-at="2019-06-15T17:32:15Z" finished-at="2019-06-15T17:32:43Z">
    <groups>
    </groups>
    <test name="Default test" duration-ms="28025" started-at="2019-06-15T17:32:15Z" finished-at="2019-06-15T17:32:43Z">
      <class name="toPractice.NewToursPractice">
        <test-method status="PASS" signature="LoginRegister()[pri:0, instance:toPractice.NewToursPractice@6767c1fc]" name="LoginRegister" is-config="true" duration-ms="3268" started-at="2019-06-15T17:32:15Z" finished-at="2019-06-15T17:32:18Z">
          <reporter-output>
          </reporter-output>
        </test-method> <!-- LoginRegister -->
        <test-method status="PASS" signature="fillInRegister(java.lang.String, java.lang.String, java.lang.String, java.lang.String, java.lang.String, java.lang.String, java.lang.String, java.lang.String, java.lang.String, java.lang.String, java.lang.String)[pri:0, instance:toPractice.NewToursPractice@6767c1fc]" name="fillInRegister" duration-ms="2104" started-at="2019-06-15T17:32:18Z" data-provider="register" finished-at="2019-06-15T17:32:20Z">
          <params>
            <param index="0">
              <value>
                <![CDATA[Ahmet]]>
              </value>
            </param>
            <param index="1">
              <value>
                <![CDATA[Dogan]]>
              </value>
            </param>
            <param index="2">
              <value>
                <![CDATA[8976754325]]>
              </value>
            </param>
            <param index="3">
              <value>
                <![CDATA[ahmetgogan@yahoo.com]]>
              </value>
            </param>
            <param index="4">
              <value>
                <![CDATA[Krakov st. 09234 FL ]]>
              </value>
            </param>
            <param index="5">
              <value>
                <![CDATA[Miami]]>
              </value>
            </param>
            <param index="6">
              <value>
                <![CDATA[FL]]>
              </value>
            </param>
            <param index="7">
              <value>
                <![CDATA[09234]]>
              </value>
            </param>
            <param index="8">
              <value>
                <![CDATA[Ahmettttt]]>
              </value>
            </param>
            <param index="9">
              <value>
                <![CDATA[Ahmet&ahmet]]>
              </value>
            </param>
            <param index="10">
              <value>
                <![CDATA[Ahmet&ahmet]]>
              </value>
            </param>
          </params>
          <reporter-output>
          </reporter-output>
        </test-method> <!-- fillInRegister -->
        <test-method status="PASS" signature="tearDown()[pri:0, instance:toPractice.NewToursPractice@6767c1fc]" name="tearDown" is-config="true" duration-ms="9096" started-at="2019-06-15T17:32:20Z" finished-at="2019-06-15T17:32:29Z">
          <reporter-output>
          </reporter-output>
        </test-method> <!-- tearDown -->
        <test-method status="PASS" signature="LoginRegister()[pri:0, instance:toPractice.NewToursPractice@6767c1fc]" name="LoginRegister" is-config="true" duration-ms="2444" started-at="2019-06-15T17:32:29Z" finished-at="2019-06-15T17:32:32Z">
          <reporter-output>
          </reporter-output>
        </test-method> <!-- LoginRegister -->
        <test-method status="PASS" signature="fillInRegister(java.lang.String, java.lang.String, java.lang.String, java.lang.String, java.lang.String, java.lang.String, java.lang.String, java.lang.String, java.lang.String, java.lang.String, java.lang.String)[pri:0, instance:toPractice.NewToursPractice@6767c1fc]" name="fillInRegister" duration-ms="1980" started-at="2019-06-15T17:32:32Z" data-provider="register" finished-at="2019-06-15T17:32:34Z">
          <params>
            <param index="0">
              <value>
                <![CDATA[Melek]]>
              </value>
            </param>
            <param index="1">
              <value>
                <![CDATA[Dogan]]>
              </value>
            </param>
            <param index="2">
              <value>
                <![CDATA[8976754325]]>
              </value>
            </param>
            <param index="3">
              <value>
                <![CDATA[ahmetgogan@yahoo.com]]>
              </value>
            </param>
            <param index="4">
              <value>
                <![CDATA[Krakov st. 09234 FL ]]>
              </value>
            </param>
            <param index="5">
              <value>
                <![CDATA[Miami]]>
              </value>
            </param>
            <param index="6">
              <value>
                <![CDATA[FL]]>
              </value>
            </param>
            <param index="7">
              <value>
                <![CDATA[09234]]>
              </value>
            </param>
            <param index="8">
              <value>
                <![CDATA[Melekkk]]>
              </value>
            </param>
            <param index="9">
              <value>
                <![CDATA[Ahmet&ahmet]]>
              </value>
            </param>
            <param index="10">
              <value>
                <![CDATA[Ahmet&ahmet]]>
              </value>
            </param>
          </params>
          <reporter-output>
          </reporter-output>
        </test-method> <!-- fillInRegister -->
        <test-method status="PASS" signature="tearDown()[pri:0, instance:toPractice.NewToursPractice@6767c1fc]" name="tearDown" is-config="true" duration-ms="9084" started-at="2019-06-15T17:32:34Z" finished-at="2019-06-15T17:32:43Z">
          <reporter-output>
          </reporter-output>
        </test-method> <!-- tearDown -->
      </class> <!-- toPractice.NewToursPractice -->
    </test> <!-- Default test -->
  </suite> <!-- Default suite -->
</testng-results>
