<?xml version="1.0" encoding="UTF-8"?>
<testng-results skipped="0" failed="0" ignored="0" total="3" passed="3">
  <reporter-output>
  </reporter-output>
  <suite name="Default suite" duration-ms="57" started-at="2019-06-25T21:16:23Z" finished-at="2019-06-25T21:16:23Z">
    <groups>
    </groups>
    <test name="Default test" duration-ms="57" started-at="2019-06-25T21:16:23Z" finished-at="2019-06-25T21:16:23Z">
      <class name="com.syntax.testcases.SimpleArrayObj">
        <test-method status="PASS" signature="arrayData(java.lang.String, java.lang.String)[pri:0, instance:com.syntax.testcases.SimpleArrayObj@ae45eb6]" name="arrayData" duration-ms="7" started-at="2019-06-25T21:16:23Z" data-provider="getData" finished-at="2019-06-25T21:16:23Z">
          <params>
            <param index="0">
              <value>
                <![CDATA[username1]]>
              </value>
            </param>
            <param index="1">
              <value>
                <![CDATA[Password1]]>
              </value>
            </param>
          </params>
          <reporter-output>
          </reporter-output>
        </test-method> <!-- arrayData -->
        <test-method status="PASS" signature="arrayData(java.lang.String, java.lang.String)[pri:0, instance:com.syntax.testcases.SimpleArrayObj@ae45eb6]" name="arrayData" duration-ms="6" started-at="2019-06-25T21:16:23Z" data-provider="getData" finished-at="2019-06-25T21:16:23Z">
          <params>
            <param index="0">
              <value>
                <![CDATA[userName2]]>
              </value>
            </param>
            <param index="1">
              <value>
                <![CDATA[Password2]]>
              </value>
            </param>
          </params>
          <reporter-output>
          </reporter-output>
        </test-method> <!-- arrayData -->
        <test-method status="PASS" signature="arrayData(java.lang.String, java.lang.String)[pri:0, instance:com.syntax.testcases.SimpleArrayObj@ae45eb6]" name="arrayData" duration-ms="2" started-at="2019-06-25T21:16:23Z" data-provider="getData" finished-at="2019-06-25T21:16:23Z">
          <params>
            <param index="0">
              <value>
                <![CDATA[userName3]]>
              </value>
            </param>
            <param index="1">
              <value>
                <![CDATA[Password3]]>
              </value>
            </param>
          </params>
          <reporter-output>
          </reporter-output>
        </test-method> <!-- arrayData -->
      </class> <!-- com.syntax.testcases.SimpleArrayObj -->
    </test> <!-- Default test -->
  </suite> <!-- Default suite -->
</testng-results>
