<?xml version="1.0" encoding="UTF-8"?>
<!-- Generated by org.testng.reporters.JUnitReportReporter -->
<testsuite skipped="0" hostname="Ahmets-MBP.home" name="com.syntax.testcases.LoginPage_SohilTest" tests="2" failures="0" timestamp="21 Jun 2019 14:03:44 GMT" time="6.292" errors="2">
  <testcase name="login" time="3.906" classname="com.syntax.testcases.LoginPage_SohilTest">
    <error type="java.lang.StackOverflowError">
      <![CDATA[java.lang.StackOverflowError
at java.lang.reflect.InvocationTargetException.<init>(InvocationTargetException.java:72)
at sun.reflect.GeneratedConstructorAccessor13.newInstance(Unknown Source)
at sun.reflect.DelegatingConstructorAccessorImpl.newInstance(DelegatingConstructorAccessorImpl.java:45)
at java.lang.reflect.Constructor.newInstance(Constructor.java:423)
at java.lang.Class.newInstance(Class.java:442)
at org.openqa.selenium.support.PageFactory.instantiatePage(PageFactory.java:131)
at org.openqa.selenium.support.PageFactory.initElements(PageFactory.java:64)
at com.syntax.pages.LoginPage_Sohil.<init>(LoginPage_Sohil.java:25)
at sun.reflect.GeneratedConstructorAccessor13.newInstance(Unknown Source)
at sun.reflect.DelegatingConstructorAccessorImpl.newInstance(DelegatingConstructorAccessorImpl.java:45)
at java.lang.reflect.Constructor.newInstance(Constructor.java:423)
at java.lang.Class.newInstance(Class.java:442)
at org.openqa.selenium.support.PageFactory.instantiatePage(PageFactory.java:131)
at org.openqa.selenium.support.PageFactory.initElements(PageFactory.java:64)
at com.syntax.pages.LoginPage_Sohil.<init>(LoginPage_Sohil.java:25)
at sun.reflect.GeneratedConstructorAccessor13.newInstance(Unknown Source)
at sun.reflect.DelegatingConstructorAccessorImpl.newInstance(DelegatingConstructorAccessorImpl.java:45)
at java.lang.reflect.Constructor.newInstance(Constructor.java:423)
at java.lang.Class.newInstance(Class.java:442)
at org.openqa.selenium.support.PageFactory.instantiatePage(PageFactory.java:131)
at org.openqa.selenium.support.PageFactory.initElements(PageFactory.java:64)
at com.syntax.pages.LoginPage_Sohil.<init>(LoginPage_Sohil.java:25)
at sun.reflect.GeneratedConstructorAccessor13.newInstance(Unknown Source)
at sun.reflect.DelegatingConstructorAccessorImpl.newInstance(DelegatingConstructorAccessorImpl.java:45)
at java.lang.reflect.Constructor.newInstance(Constructor.java:423)
at java.lang.Class.newInstance(Class.java:442)
at org.openqa.selenium.support.PageFactory.instantiatePage(PageFactory.java:131)
at org.openqa.selenium.support.PageFactory.initElements(PageFactory.java:64)
at com.syntax.pages.LoginPage_Sohil.<init>(LoginPage_Sohil.java:25)
at sun.reflect.GeneratedConstructorAccessor13.newInstance(Unknown Source)
at sun.reflect.DelegatingConstructorAccessorImpl.newInstance(DelegatingConstructorAccessorImpl.java:45)
at java.lang.reflect.Constructor.newInstance(Constructor.java:423)
at java.lang.Class.newInstance(Class.java:442)
at org.openqa.selenium.support.PageFactory.instantiatePage(PageFactory.java:131)
at org.openqa.selenium.support.PageFactory.initElements(PageFactory.java:64)
at com.syntax.pages.LoginPage_Sohil.<init>(LoginPage_Sohil.java:25)
at sun.reflect.GeneratedConstructorAccessor13.newInstance(Unknown Source)
at sun.reflect.DelegatingConstructorAccessorImpl.newInstance(DelegatingConstructorAccessorImpl.java:45)
at java.lang.reflect.Constructor.newInstance(Constructor.java:423)
at java.lang.Class.newInstance(Class.java:442)
at org.openqa.selenium.support.PageFactory.instantiatePage(PageFactory.java:131)
at org.openqa.selenium.support.PageFactory.initElements(PageFactory.java:64)
at com.syntax.pages.LoginPage_Sohil.<init>(LoginPage_Sohil.java:25)
at sun.reflect.GeneratedConstructorAccessor13.newInstance(Unknown Source)
at sun.reflect.DelegatingConstructorAccessorImpl.newInstance(DelegatingConstructorAccessorImpl.java:45)
at java.lang.reflect.Constructor.newInstance(Constructor.java:423)
at java.lang.Class.newInstance(Class.java:442)
at org.openqa.selenium.support.PageFactory.instantiatePage(PageFactory.java:131)
at org.openqa.selenium.support.PageFactory.initElements(PageFactory.java:64)
at com.syntax.pages.LoginPage_Sohil.<init>(LoginPage_Sohil.java:25)
at sun.reflect.GeneratedConstructorAccessor13.newInstance(Unknown Source)
at sun.reflect.DelegatingConstructorAccessorImpl.newInstance(DelegatingConstructorAccessorImpl.java:45)
at java.lang.reflect.Constructor.newInstance(Constructor.java:423)
at java.lang.Class.newInstance(Class.java:442)
at org.openqa.selenium.support.PageFactory.instantiatePage(PageFactory.java:131)
at org.openqa.selenium.support.PageFactory.initElements(PageFactory.java:64)
at com.syntax.pages.LoginPage_Sohil.<init>(LoginPage_Sohil.java:25)
at sun.reflect.GeneratedConstructorAccessor13.newInstance(Unknown Source)
at sun.reflect.DelegatingConstructorAccessorImpl.newInstance(DelegatingConstructorAccessorImpl.java:45)
at java.lang.reflect.Constructor.newInstance(Constructor.java:423)
at java.lang.Class.newInstance(Class.java:442)
at org.openqa.selenium.support.PageFactory.instantiatePage(PageFactory.java:131)
at org.openqa.selenium.support.PageFactory.initElements(PageFactory.java:64)
at com.syntax.pages.LoginPage_Sohil.<init>(LoginPage_Sohil.java:25)
at sun.reflect.GeneratedConstructorAccessor13.newInstance(Unknown Source)
at sun.reflect.DelegatingConstructorAccessorImpl.newInstance(DelegatingConstructorAccessorImpl.java:45)
at java.lang.reflect.Constructor.newInstance(Constructor.java:423)
at java.lang.Class.newInstance(Class.java:442)
at org.openqa.selenium.support.PageFactory.instantiatePage(PageFactory.java:131)
at org.openqa.selenium.support.PageFactory.initElements(PageFactory.java:64)
at com.syntax.pages.LoginPage_Sohil.<init>(LoginPage_Sohil.java:25)
at sun.reflect.GeneratedConstructorAccessor13.newInstance(Unknown Source)
at sun.reflect.DelegatingConstructorAccessorImpl.newInstance(DelegatingConstructorAccessorImpl.java:45)
at java.lang.reflect.Constructor.newInstance(Constructor.java:423)
at java.lang.Class.newInstance(Class.java:442)
at org.openqa.selenium.support.PageFactory.instantiatePage(PageFactory.java:131)
at org.openqa.selenium.support.PageFactory.initElements(PageFactory.java:64)
at com.syntax.pages.LoginPage_Sohil.<init>(LoginPage_Sohil.java:25)
at sun.reflect.GeneratedConstructorAccessor13.newInstance(Unknown Source)
at sun.reflect.DelegatingConstructorAccessorImpl.newInstance(DelegatingConstructorAccessorImpl.java:45)
at java.lang.reflect.Constructor.newInstance(Constructor.java:423)
at java.lang.Class.newInstance(Class.java:442)
at org.openqa.selenium.support.PageFactory.instantiatePage(PageFactory.java:131)
at org.openqa.selenium.support.PageFactory.initElements(PageFactory.java:64)
at com.syntax.pages.LoginPage_Sohil.<init>(LoginPage_Sohil.java:25)
at sun.reflect.GeneratedConstructorAccessor13.newInstance(Unknown Source)
at sun.reflect.DelegatingConstructorAccessorImpl.newInstance(DelegatingConstructorAccessorImpl.java:45)
at java.lang.reflect.Constructor.newInstance(Constructor.java:423)
at java.lang.Class.newInstance(Class.java:442)
at org.openqa.selenium.support.PageFactory.instantiatePage(PageFactory.java:131)
at org.openqa.selenium.support.PageFactory.initElements(PageFactory.java:64)
at com.syntax.pages.LoginPage_Sohil.<init>(LoginPage_Sohil.java:25)
at sun.reflect.GeneratedConstructorAccessor13.newInstance(Unknown Source)
at sun.reflect.DelegatingConstructorAccessorImpl.newInstance(DelegatingConstructorAccessorImpl.java:45)
at java.lang.reflect.Constructor.newInstance(Constructor.java:423)
at java.lang.Class.newInstance(Class.java:442)
at org.openqa.selenium.support.PageFactory.instantiatePage(PageFactory.java:131)
at org.openqa.selenium.support.PageFactory.initElements(PageFactory.java:64)
at com.syntax.pages.LoginPage_Sohil.<init>(LoginPage_Sohil.java:25)
at sun.reflect.GeneratedConstructorAccessor13.newInstance(Unknown Source)
at sun.reflect.DelegatingConstructorAccessorImpl.newInstance(DelegatingConstructorAccessorImpl.java:45)
at java.lang.reflect.Constructor.newInstance(Constructor.java:423)
at java.lang.Class.newInstance(Class.java:442)
at org.openqa.selenium.support.PageFactory.instantiatePage(PageFactory.java:131)
at org.openqa.selenium.support.PageFactory.initElements(PageFactory.java:64)
at com.syntax.pages.LoginPage_Sohil.<init>(LoginPage_Sohil.java:25)
at sun.reflect.GeneratedConstructorAccessor13.newInstance(Unknown Source)
at sun.reflect.DelegatingConstructorAccessorImpl.newInstance(DelegatingConstructorAccessorImpl.java:45)
at java.lang.reflect.Constructor.newInstance(Constructor.java:423)
at java.lang.Class.newInstance(Class.java:442)
at org.openqa.selenium.support.PageFactory.instantiatePage(PageFactory.java:131)
at org.openqa.selenium.support.PageFactory.initElements(PageFactory.java:64)
at com.syntax.pages.LoginPage_Sohil.<init>(LoginPage_Sohil.java:25)
at sun.reflect.GeneratedConstructorAccessor13.newInstance(Unknown Source)
at sun.reflect.DelegatingConstructorAccessorImpl.newInstance(DelegatingConstructorAccessorImpl.java:45)
at java.lang.reflect.Constructor.newInstance(Constructor.java:423)
at java.lang.Class.newInstance(Class.java:442)
at org.openqa.selenium.support.PageFactory.instantiatePage(PageFactory.java:131)
at org.openqa.selenium.support.PageFactory.initElements(PageFactory.java:64)
at com.syntax.pages.LoginPage_Sohil.<init>(LoginPage_Sohil.java:25)
at sun.reflect.GeneratedConstructorAccessor13.newInstance(Unknown Source)
at sun.reflect.DelegatingConstructorAccessorImpl.newInstance(DelegatingConstructorAccessorImpl.java:45)
at java.lang.reflect.Constructor.newInstance(Constructor.java:423)
at java.lang.Class.newInstance(Class.java:442)
at org.openqa.selenium.support.PageFactory.instantiatePage(PageFactory.java:131)
at org.openqa.selenium.support.PageFactory.initElements(PageFactory.java:64)
at com.syntax.pages.LoginPage_Sohil.<init>(LoginPage_Sohil.java:25)
at sun.reflect.GeneratedConstructorAccessor13.newInstance(Unknown Source)
at sun.reflect.DelegatingConstructorAccessorImpl.newInstance(DelegatingConstructorAccessorImpl.java:45)
at java.lang.reflect.Constructor.newInstance(Constructor.java:423)
at java.lang.Class.newInstance(Class.java:442)
at org.openqa.selenium.support.PageFactory.instantiatePage(PageFactory.java:131)
at org.openqa.selenium.support.PageFactory.initElements(PageFactory.java:64)
at com.syntax.pages.LoginPage_Sohil.<init>(LoginPage_Sohil.java:25)
at sun.reflect.GeneratedConstructorAccessor13.newInstance(Unknown Source)
at sun.reflect.DelegatingConstructorAccessorImpl.newInstance(DelegatingConstructorAccessorImpl.java:45)
at java.lang.reflect.Constructor.newInstance(Constructor.java:423)
at java.lang.Class.newInstance(Class.java:442)
at org.openqa.selenium.support.PageFactory.instantiatePage(PageFactory.java:131)
at org.openqa.selenium.support.PageFactory.initElements(PageFactory.java:64)
at com.syntax.pages.LoginPage_Sohil.<init>(LoginPage_Sohil.java:25)
at sun.reflect.GeneratedConstructorAccessor13.newInstance(Unknown Source)
at sun.reflect.DelegatingConstructorAccessorImpl.newInstance(DelegatingConstructorAccessorImpl.java:45)
at java.lang.reflect.Constructor.newInstance(Constructor.java:423)
at java.lang.Class.newInstance(Class.java:442)
at org.openqa.selenium.support.PageFactory.instantiatePage(PageFactory.java:131)
at org.openqa.selenium.support.PageFactory.initElements(PageFactory.java:64)
at com.syntax.pages.LoginPage_Sohil.<init>(LoginPage_Sohil.java:25)
at sun.reflect.GeneratedConstructorAccessor13.newInstance(Unknown Source)
at sun.reflect.DelegatingConstructorAccessorImpl.newInstance(DelegatingConstructorAccessorImpl.java:45)
at java.lang.reflect.Constructor.newInstance(Constructor.java:423)
at java.lang.Class.newInstance(Class.java:442)
at org.openqa.selenium.support.PageFactory.instantiatePage(PageFactory.java:131)
at org.openqa.selenium.support.PageFactory.initElements(PageFactory.java:64)
at com.syntax.pages.LoginPage_Sohil.<init>(LoginPage_Sohil.java:25)
at sun.reflect.GeneratedConstructorAccessor13.newInstance(Unknown Source)
at sun.reflect.DelegatingConstructorAccessorImpl.newInstance(DelegatingConstructorAccessorImpl.java:45)
at java.lang.reflect.Constructor.newInstance(Constructor.java:423)
at java.lang.Class.newInstance(Class.java:442)
at org.openqa.selenium.support.PageFactory.instantiatePage(PageFactory.java:131)
at org.openqa.selenium.support.PageFactory.initElements(PageFactory.java:64)
at com.syntax.pages.LoginPage_Sohil.<init>(LoginPage_Sohil.java:25)
at sun.reflect.GeneratedConstructorAccessor13.newInstance(Unknown Source)
at sun.reflect.DelegatingConstructorAccessorImpl.newInstance(DelegatingConstructorAccessorImpl.java:45)
at java.lang.reflect.Constructor.newInstance(Constructor.java:423)
at java.lang.Class.newInstance(Class.java:442)
at org.openqa.selenium.support.PageFactory.instantiatePage(PageFactory.java:131)
at org.openqa.selenium.support.PageFactory.initElements(PageFactory.java:64)
at com.syntax.pages.LoginPage_Sohil.<init>(LoginPage_Sohil.java:25)
at sun.reflect.GeneratedConstructorAccessor13.newInstance(Unknown Source)
at sun.reflect.DelegatingConstructorAccessorImpl.newInstance(DelegatingConstructorAccessorImpl.java:45)
at java.lang.reflect.Constructor.newInstance(Constructor.java:423)
at java.lang.Class.newInstance(Class.java:442)
at org.openqa.selenium.support.PageFactory.instantiatePage(PageFactory.java:131)
at org.openqa.selenium.support.PageFactory.initElements(PageFactory.java:64)
at com.syntax.pages.LoginPage_Sohil.<init>(LoginPage_Sohil.java:25)
at sun.reflect.GeneratedConstructorAccessor13.newInstance(Unknown Source)
at sun.reflect.DelegatingConstructorAccessorImpl.newInstance(DelegatingConstructorAccessorImpl.java:45)
at java.lang.reflect.Constructor.newInstance(Constructor.java:423)
at java.lang.Class.newInstance(Class.java:442)
at org.openqa.selenium.support.PageFactory.instantiatePage(PageFactory.java:131)
at org.openqa.selenium.support.PageFactory.initElements(PageFactory.java:64)
at com.syntax.pages.LoginPage_Sohil.<init>(LoginPage_Sohil.java:25)
at sun.reflect.GeneratedConstructorAccessor13.newInstance(Unknown Source)
at sun.reflect.DelegatingConstructorAccessorImpl.newInstance(DelegatingConstructorAccessorImpl.java:45)
at java.lang.reflect.Constructor.newInstance(Constructor.java:423)
at java.lang.Class.newInstance(Class.java:442)
at org.openqa.selenium.support.PageFactory.instantiatePage(PageFactory.java:131)
at org.openqa.selenium.support.PageFactory.initElements(PageFactory.java:64)
at com.syntax.pages.LoginPage_Sohil.<init>(LoginPage_Sohil.java:25)
at sun.reflect.GeneratedConstructorAccessor13.newInstance(Unknown Source)
at sun.reflect.DelegatingConstructorAccessorImpl.newInstance(DelegatingConstructorAccessorImpl.java:45)
at java.lang.reflect.Constructor.newInstance(Constructor.java:423)
at java.lang.Class.newInstance(Class.java:442)
at org.openqa.selenium.support.PageFactory.instantiatePage(PageFactory.java:131)
at org.openqa.selenium.support.PageFactory.initElements(PageFactory.java:64)
at com.syntax.pages.LoginPage_Sohil.<init>(LoginPage_Sohil.java:25)
at sun.reflect.GeneratedConstructorAccessor13.newInstance(Unknown Source)
at sun.reflect.DelegatingConstructorAccessorImpl.newInstance(DelegatingConstructorAccessorImpl.java:45)
at java.lang.reflect.Constructor.newInstance(Constructor.java:423)
at java.lang.Class.newInstance(Class.java:442)
at org.openqa.selenium.support.PageFactory.instantiatePage(PageFactory.java:131)
at org.openqa.selenium.support.PageFactory.initElements(PageFactory.java:64)
at com.syntax.pages.LoginPage_Sohil.<init>(LoginPage_Sohil.java:25)
at sun.reflect.GeneratedConstructorAccessor13.newInstance(Unknown Source)
at sun.reflect.DelegatingConstructorAccessorImpl.newInstance(DelegatingConstructorAccessorImpl.java:45)
at java.lang.reflect.Constructor.newInstance(Constructor.java:423)
at java.lang.Class.newInstance(Class.java:442)
at org.openqa.selenium.support.PageFactory.instantiatePage(PageFactory.java:131)
at org.openqa.selenium.support.PageFactory.initElements(PageFactory.java:64)
at com.syntax.pages.LoginPage_Sohil.<init>(LoginPage_Sohil.java:25)
at sun.reflect.GeneratedConstructorAccessor13.newInstance(Unknown Source)
at sun.reflect.DelegatingConstructorAccessorImpl.newInstance(DelegatingConstructorAccessorImpl.java:45)
at java.lang.reflect.Constructor.newInstance(Constructor.java:423)
at java.lang.Class.newInstance(Class.java:442)
at org.openqa.selenium.support.PageFactory.instantiatePage(PageFactory.java:131)
at org.openqa.selenium.support.PageFactory.initElements(PageFactory.java:64)
at com.syntax.pages.LoginPage_Sohil.<init>(LoginPage_Sohil.java:25)
at sun.reflect.GeneratedConstructorAccessor13.newInstance(Unknown Source)
at sun.reflect.DelegatingConstructorAccessorImpl.newInstance(DelegatingConstructorAccessorImpl.java:45)
at java.lang.reflect.Constructor.newInstance(Constructor.java:423)
at java.lang.Class.newInstance(Class.java:442)
at org.openqa.selenium.support.PageFactory.instantiatePage(PageFactory.java:131)
at org.openqa.selenium.support.PageFactory.initElements(PageFactory.java:64)
at com.syntax.pages.LoginPage_Sohil.<init>(LoginPage_Sohil.java:25)
at sun.reflect.GeneratedConstructorAccessor13.newInstance(Unknown Source)
at sun.reflect.DelegatingConstructorAccessorImpl.newInstance(DelegatingConstructorAccessorImpl.java:45)
at java.lang.reflect.Constructor.newInstance(Constructor.java:423)
at java.lang.Class.newInstance(Class.java:442)
at org.openqa.selenium.support.PageFactory.instantiatePage(PageFactory.java:131)
at org.openqa.selenium.support.PageFactory.initElements(PageFactory.java:64)
at com.syntax.pages.LoginPage_Sohil.<init>(LoginPage_Sohil.java:25)
at sun.reflect.GeneratedConstructorAccessor13.newInstance(Unknown Source)
at sun.reflect.DelegatingConstructorAccessorImpl.newInstance(DelegatingConstructorAccessorImpl.java:45)
at java.lang.reflect.Constructor.newInstance(Constructor.java:423)
at java.lang.Class.newInstance(Class.java:442)
at org.openqa.selenium.support.PageFactory.instantiatePage(PageFactory.java:131)
at org.openqa.selenium.support.PageFactory.initElements(PageFactory.java:64)
at com.syntax.pages.LoginPage_Sohil.<init>(LoginPage_Sohil.java:25)
at sun.reflect.GeneratedConstructorAccessor13.newInstance(Unknown Source)
at sun.reflect.DelegatingConstructorAccessorImpl.newInstance(DelegatingConstructorAccessorImpl.java:45)
at java.lang.reflect.Constructor.newInstance(Constructor.java:423)
at java.lang.Class.newInstance(Class.java:442)
at org.openqa.selenium.support.PageFactory.instantiatePage(PageFactory.java:131)
at org.openqa.selenium.support.PageFactory.initElements(PageFactory.java:64)
at com.syntax.pages.LoginPage_Sohil.<init>(LoginPage_Sohil.java:25)
at sun.reflect.GeneratedConstructorAccessor13.newInstance(Unknown Source)
at sun.reflect.DelegatingConstructorAccessorImpl.newInstance(DelegatingConstructorAccessorImpl.java:45)
at java.lang.reflect.Constructor.newInstance(Constructor.java:423)
at java.lang.Class.newInstance(Class.java:442)
at org.openqa.selenium.support.PageFactory.instantiatePage(PageFactory.java:131)
at org.openqa.selenium.support.PageFactory.initElements(PageFactory.java:64)
at com.syntax.pages.LoginPage_Sohil.<init>(LoginPage_Sohil.java:25)
at sun.reflect.GeneratedConstructorAccessor13.newInstance(Unknown Source)
at sun.reflect.DelegatingConstructorAccessorImpl.newInstance(DelegatingConstructorAccessorImpl.java:45)
at java.lang.reflect.Constructor.newInstance(Constructor.java:423)
at java.lang.Class.newInstance(Class.java:442)
at org.openqa.selenium.support.PageFactory.instantiatePage(PageFactory.java:131)
at org.openqa.selenium.support.PageFactory.initElements(PageFactory.java:64)
at com.syntax.pages.LoginPage_Sohil.<init>(LoginPage_Sohil.java:25)
at sun.reflect.GeneratedConstructorAccessor13.newInstance(Unknown Source)
at sun.reflect.DelegatingConstructorAccessorImpl.newInstance(DelegatingConstructorAccessorImpl.java:45)
at java.lang.reflect.Constructor.newInstance(Constructor.java:423)
at java.lang.Class.newInstance(Class.java:442)
at org.openqa.selenium.support.PageFactory.instantiatePage(PageFactory.java:131)
at org.openqa.selenium.support.PageFactory.initElements(PageFactory.java:64)
at com.syntax.pages.LoginPage_Sohil.<init>(LoginPage_Sohil.java:25)
at sun.reflect.GeneratedConstructorAccessor13.newInstance(Unknown Source)
at sun.reflect.DelegatingConstructorAccessorImpl.newInstance(DelegatingConstructorAccessorImpl.java:45)
at java.lang.reflect.Constructor.newInstance(Constructor.java:423)
at java.lang.Class.newInstance(Class.java:442)
at org.openqa.selenium.support.PageFactory.instantiatePage(PageFactory.java:131)
at org.openqa.selenium.support.PageFactory.initElements(PageFactory.java:64)
at com.syntax.pages.LoginPage_Sohil.<init>(LoginPage_Sohil.java:25)
at sun.reflect.GeneratedConstructorAccessor13.newInstance(Unknown Source)
at sun.reflect.DelegatingConstructorAccessorImpl.newInstance(DelegatingConstructorAccessorImpl.java:45)
at java.lang.reflect.Constructor.newInstance(Constructor.java:423)
at java.lang.Class.newInstance(Class.java:442)
at org.openqa.selenium.support.PageFactory.instantiatePage(PageFactory.java:131)
at org.openqa.selenium.support.PageFactory.initElements(PageFactory.java:64)
at com.syntax.pages.LoginPage_Sohil.<init>(LoginPage_Sohil.java:25)
at sun.reflect.GeneratedConstructorAccessor13.newInstance(Unknown Source)
at sun.reflect.DelegatingConstructorAccessorImpl.newInstance(DelegatingConstructorAccessorImpl.java:45)
at java.lang.reflect.Constructor.newInstance(Constructor.java:423)
at java.lang.Class.newInstance(Class.java:442)
at org.openqa.selenium.support.PageFactory.instantiatePage(PageFactory.java:131)
at org.openqa.selenium.support.PageFactory.initElements(PageFactory.java:64)
at com.syntax.pages.LoginPage_Sohil.<init>(LoginPage_Sohil.java:25)
at sun.reflect.GeneratedConstructorAccessor13.newInstance(Unknown Source)
at sun.reflect.DelegatingConstructorAccessorImpl.newInstance(DelegatingConstructorAccessorImpl.java:45)
at java.lang.reflect.Constructor.newInstance(Constructor.java:423)
at java.lang.Class.newInstance(Class.java:442)
at org.openqa.selenium.support.PageFactory.instantiatePage(PageFactory.java:131)
at org.openqa.selenium.support.PageFactory.initElements(PageFactory.java:64)
at com.syntax.pages.LoginPage_Sohil.<init>(LoginPage_Sohil.java:25)
at sun.reflect.GeneratedConstructorAccessor13.newInstance(Unknown Source)
at sun.reflect.DelegatingConstructorAccessorImpl.newInstance(DelegatingConstructorAccessorImpl.java:45)
at java.lang.reflect.Constructor.newInstance(Constructor.java:423)
at java.lang.Class.newInstance(Class.java:442)
at org.openqa.selenium.support.PageFactory.instantiatePage(PageFactory.java:131)
at org.openqa.selenium.support.PageFactory.initElements(PageFactory.java:64)
at com.syntax.pages.LoginPage_Sohil.<init>(LoginPage_Sohil.java:25)
at sun.reflect.GeneratedConstructorAccessor13.newInstance(Unknown Source)
at sun.reflect.DelegatingConstructorAccessorImpl.newInstance(DelegatingConstructorAccessorImpl.java:45)
at java.lang.reflect.Constructor.newInstance(Constructor.java:423)
at java.lang.Class.newInstance(Class.java:442)
at org.openqa.selenium.support.PageFactory.instantiatePage(PageFactory.java:131)
at org.openqa.selenium.support.PageFactory.initElements(PageFactory.java:64)
at com.syntax.pages.LoginPage_Sohil.<init>(LoginPage_Sohil.java:25)
at sun.reflect.GeneratedConstructorAccessor13.newInstance(Unknown Source)
at sun.reflect.DelegatingConstructorAccessorImpl.newInstance(DelegatingConstructorAccessorImpl.java:45)
at java.lang.reflect.Constructor.newInstance(Constructor.java:423)
at java.lang.Class.newInstance(Class.java:442)
at org.openqa.selenium.support.PageFactory.instantiatePage(PageFactory.java:131)
at org.openqa.selenium.support.PageFactory.initElements(PageFactory.java:64)
at com.syntax.pages.LoginPage_Sohil.<init>(LoginPage_Sohil.java:25)
at sun.reflect.GeneratedConstructorAccessor13.newInstance(Unknown Source)
at sun.reflect.DelegatingConstructorAccessorImpl.newInstance(DelegatingConstructorAccessorImpl.java:45)
at java.lang.reflect.Constructor.newInstance(Constructor.java:423)
at java.lang.Class.newInstance(Class.java:442)
at org.openqa.selenium.support.PageFactory.instantiatePage(PageFactory.java:131)
at org.openqa.selenium.support.PageFactory.initElements(PageFactory.java:64)
at com.syntax.pages.LoginPage_Sohil.<init>(LoginPage_Sohil.java:25)
at sun.reflect.GeneratedConstructorAccessor13.newInstance(Unknown Source)
at sun.reflect.DelegatingConstructorAccessorImpl.newInstance(DelegatingConstructorAccessorImpl.java:45)
at java.lang.reflect.Constructor.newInstance(Constructor.java:423)
at java.lang.Class.newInstance(Class.java:442)
at org.openqa.selenium.support.PageFactory.instantiatePage(PageFactory.java:131)
at org.openqa.selenium.support.PageFactory.initElements(PageFactory.java:64)
at com.syntax.pages.LoginPage_Sohil.<init>(LoginPage_Sohil.java:25)
at sun.reflect.GeneratedConstructorAccessor13.newInstance(Unknown Source)
at sun.reflect.DelegatingConstructorAccessorImpl.newInstance(DelegatingConstructorAccessorImpl.java:45)
at java.lang.reflect.Constructor.newInstance(Constructor.java:423)
at java.lang.Class.newInstance(Class.java:442)
at org.openqa.selenium.support.PageFactory.instantiatePage(PageFactory.java:131)
at org.openqa.selenium.support.PageFactory.initElements(PageFactory.java:64)
at com.syntax.pages.LoginPage_Sohil.<init>(LoginPage_Sohil.java:25)
at sun.reflect.GeneratedConstructorAccessor13.newInstance(Unknown Source)
at sun.reflect.DelegatingConstructorAccessorImpl.newInstance(DelegatingConstructorAccessorImpl.java:45)
at java.lang.reflect.Constructor.newInstance(Constructor.java:423)
at java.lang.Class.newInstance(Class.java:442)
at org.openqa.selenium.support.PageFactory.instantiatePage(PageFactory.java:131)
at org.openqa.selenium.support.PageFactory.initElements(PageFactory.java:64)
at com.syntax.pages.LoginPage_Sohil.<init>(LoginPage_Sohil.java:25)
at sun.reflect.GeneratedConstructorAccessor13.newInstance(Unknown Source)
at sun.reflect.DelegatingConstructorAccessorImpl.newInstance(DelegatingConstructorAccessorImpl.java:45)
at java.lang.reflect.Constructor.newInstance(Constructor.java:423)
at java.lang.Class.newInstance(Class.java:442)
at org.openqa.selenium.support.PageFactory.instantiatePage(PageFactory.java:131)
at org.openqa.selenium.support.PageFactory.initElements(PageFactory.java:64)
at com.syntax.pages.LoginPage_Sohil.<init>(LoginPage_Sohil.java:25)
at sun.reflect.GeneratedConstructorAccessor13.newInstance(Unknown Source)
at sun.reflect.DelegatingConstructorAccessorImpl.newInstance(DelegatingConstructorAccessorImpl.java:45)
at java.lang.reflect.Constructor.newInstance(Constructor.java:423)
at java.lang.Class.newInstance(Class.java:442)
at org.openqa.selenium.support.PageFactory.instantiatePage(PageFactory.java:131)
at org.openqa.selenium.support.PageFactory.initElements(PageFactory.java:64)
at com.syntax.pages.LoginPage_Sohil.<init>(LoginPage_Sohil.java:25)
at sun.reflect.GeneratedConstructorAccessor13.newInstance(Unknown Source)
at sun.reflect.DelegatingConstructorAccessorImpl.newInstance(DelegatingConstructorAccessorImpl.java:45)
at java.lang.reflect.Constructor.newInstance(Constructor.java:423)
at java.lang.Class.newInstance(Class.java:442)
at org.openqa.selenium.support.PageFactory.instantiatePage(PageFactory.java:131)
at org.openqa.selenium.support.PageFactory.initElements(PageFactory.java:64)
at com.syntax.pages.LoginPage_Sohil.<init>(LoginPage_Sohil.java:25)
at sun.reflect.GeneratedConstructorAccessor13.newInstance(Unknown Source)
at sun.reflect.DelegatingConstructorAccessorImpl.newInstance(DelegatingConstructorAccessorImpl.java:45)
at java.lang.reflect.Constructor.newInstance(Constructor.java:423)
at java.lang.Class.newInstance(Class.java:442)
at org.openqa.selenium.support.PageFactory.instantiatePage(PageFactory.java:131)
at org.openqa.selenium.support.PageFactory.initElements(PageFactory.java:64)
at com.syntax.pages.LoginPage_Sohil.<init>(LoginPage_Sohil.java:25)
at sun.reflect.GeneratedConstructorAccessor13.newInstance(Unknown Source)
at sun.reflect.DelegatingConstructorAccessorImpl.newInstance(DelegatingConstructorAccessorImpl.java:45)
at java.lang.reflect.Constructor.newInstance(Constructor.java:423)
at java.lang.Class.newInstance(Class.java:442)
at org.openqa.selenium.support.PageFactory.instantiatePage(PageFactory.java:131)
at org.openqa.selenium.support.PageFactory.initElements(PageFactory.java:64)
at com.syntax.pages.LoginPage_Sohil.<init>(LoginPage_Sohil.java:25)
at sun.reflect.GeneratedConstructorAccessor13.newInstance(Unknown Source)
at sun.reflect.DelegatingConstructorAccessorImpl.newInstance(DelegatingConstructorAccessorImpl.java:45)
at java.lang.reflect.Constructor.newInstance(Constructor.java:423)
at java.lang.Class.newInstance(Class.java:442)
at org.openqa.selenium.support.PageFactory.instantiatePage(PageFactory.java:131)
at org.openqa.selenium.support.PageFactory.initElements(PageFactory.java:64)
at com.syntax.pages.LoginPage_Sohil.<init>(LoginPage_Sohil.java:25)
at sun.reflect.GeneratedConstructorAccessor13.newInstance(Unknown Source)
at sun.reflect.DelegatingConstructorAccessorImpl.newInstance(DelegatingConstructorAccessorImpl.java:45)
at java.lang.reflect.Constructor.newInstance(Constructor.java:423)
at java.lang.Class.newInstance(Class.java:442)
at org.openqa.selenium.support.PageFactory.instantiatePage(PageFactory.java:131)
at org.openqa.selenium.support.PageFactory.initElements(PageFactory.java:64)
at com.syntax.pages.LoginPage_Sohil.<init>(LoginPage_Sohil.java:25)
at sun.reflect.GeneratedConstructorAccessor13.newInstance(Unknown Source)
at sun.reflect.DelegatingConstructorAccessorImpl.newInstance(DelegatingConstructorAccessorImpl.java:45)
at java.lang.reflect.Constructor.newInstance(Constructor.java:423)
at java.lang.Class.newInstance(Class.java:442)
at org.openqa.selenium.support.PageFactory.instantiatePage(PageFactory.java:131)
at org.openqa.selenium.support.PageFactory.initElements(PageFactory.java:64)
at com.syntax.pages.LoginPage_Sohil.<init>(LoginPage_Sohil.java:25)
at sun.reflect.GeneratedConstructorAccessor13.newInstance(Unknown Source)
at sun.reflect.DelegatingConstructorAccessorImpl.newInstance(DelegatingConstructorAccessorImpl.java:45)
at java.lang.reflect.Constructor.newInstance(Constructor.java:423)
at java.lang.Class.newInstance(Class.java:442)
at org.openqa.selenium.support.PageFactory.instantiatePage(PageFactory.java:131)
at org.openqa.selenium.support.PageFactory.initElements(PageFactory.java:64)
at com.syntax.pages.LoginPage_Sohil.<init>(LoginPage_Sohil.java:25)
at sun.reflect.GeneratedConstructorAccessor13.newInstance(Unknown Source)
at sun.reflect.DelegatingConstructorAccessorImpl.newInstance(DelegatingConstructorAccessorImpl.java:45)
at java.lang.reflect.Constructor.newInstance(Constructor.java:423)
at java.lang.Class.newInstance(Class.java:442)
at org.openqa.selenium.support.PageFactory.instantiatePage(PageFactory.java:131)
at org.openqa.selenium.support.PageFactory.initElements(PageFactory.java:64)
at com.syntax.pages.LoginPage_Sohil.<init>(LoginPage_Sohil.java:25)
at sun.reflect.GeneratedConstructorAccessor13.newInstance(Unknown Source)
at sun.reflect.DelegatingConstructorAccessorImpl.newInstance(DelegatingConstructorAccessorImpl.java:45)
at java.lang.reflect.Constructor.newInstance(Constructor.java:423)
at java.lang.Class.newInstance(Class.java:442)
at org.openqa.selenium.support.PageFactory.instantiatePage(PageFactory.java:131)
at org.openqa.selenium.support.PageFactory.initElements(PageFactory.java:64)
at com.syntax.pages.LoginPage_Sohil.<init>(LoginPage_Sohil.java:25)
at sun.reflect.GeneratedConstructorAccessor13.newInstance(Unknown Source)
at sun.reflect.DelegatingConstructorAccessorImpl.newInstance(DelegatingConstructorAccessorImpl.java:45)
at java.lang.reflect.Constructor.newInstance(Constructor.java:423)
at java.lang.Class.newInstance(Class.java:442)
at org.openqa.selenium.support.PageFactory.instantiatePage(PageFactory.java:131)
at org.openqa.selenium.support.PageFactory.initElements(PageFactory.java:64)
at com.syntax.pages.LoginPage_Sohil.<init>(LoginPage_Sohil.java:25)
at sun.reflect.GeneratedConstructorAccessor13.newInstance(Unknown Source)
at sun.reflect.DelegatingConstructorAccessorImpl.newInstance(DelegatingConstructorAccessorImpl.java:45)
at java.lang.reflect.Constructor.newInstance(Constructor.java:423)
at java.lang.Class.newInstance(Class.java:442)
at org.openqa.selenium.support.PageFactory.instantiatePage(PageFactory.java:131)
at org.openqa.selenium.support.PageFactory.initElements(PageFactory.java:64)
at com.syntax.pages.LoginPage_Sohil.<init>(LoginPage_Sohil.java:25)
at sun.reflect.GeneratedConstructorAccessor13.newInstance(Unknown Source)
at sun.reflect.DelegatingConstructorAccessorImpl.newInstance(DelegatingConstructorAccessorImpl.java:45)
at java.lang.reflect.Constructor.newInstance(Constructor.java:423)
at java.lang.Class.newInstance(Class.java:442)
at org.openqa.selenium.support.PageFactory.instantiatePage(PageFactory.java:131)
at org.openqa.selenium.support.PageFactory.initElements(PageFactory.java:64)
at com.syntax.pages.LoginPage_Sohil.<init>(LoginPage_Sohil.java:25)
at sun.reflect.GeneratedConstructorAccessor13.newInstance(Unknown Source)
at sun.reflect.DelegatingConstructorAccessorImpl.newInstance(DelegatingConstructorAccessorImpl.java:45)
at java.lang.reflect.Constructor.newInstance(Constructor.java:423)
at java.lang.Class.newInstance(Class.java:442)
at org.openqa.selenium.support.PageFactory.instantiatePage(PageFactory.java:131)
at org.openqa.selenium.support.PageFactory.initElements(PageFactory.java:64)
at com.syntax.pages.LoginPage_Sohil.<init>(LoginPage_Sohil.java:25)
at sun.reflect.GeneratedConstructorAccessor13.newInstance(Unknown Source)
at sun.reflect.DelegatingConstructorAccessorImpl.newInstance(DelegatingConstructorAccessorImpl.java:45)
at java.lang.reflect.Constructor.newInstance(Constructor.java:423)
at java.lang.Class.newInstance(Class.java:442)
at org.openqa.selenium.support.PageFactory.instantiatePage(PageFactory.java:131)
at org.openqa.selenium.support.PageFactory.initElements(PageFactory.java:64)
at com.syntax.pages.LoginPage_Sohil.<init>(LoginPage_Sohil.java:25)
at sun.reflect.GeneratedConstructorAccessor13.newInstance(Unknown Source)
at sun.reflect.DelegatingConstructorAccessorImpl.newInstance(DelegatingConstructorAccessorImpl.java:45)
at java.lang.reflect.Constructor.newInstance(Constructor.java:423)
at java.lang.Class.newInstance(Class.java:442)
at org.openqa.selenium.support.PageFactory.instantiatePage(PageFactory.java:131)
at org.openqa.selenium.support.PageFactory.initElements(PageFactory.java:64)
at com.syntax.pages.LoginPage_Sohil.<init>(LoginPage_Sohil.java:25)
at sun.reflect.GeneratedConstructorAccessor13.newInstance(Unknown Source)
at sun.reflect.DelegatingConstructorAccessorImpl.newInstance(DelegatingConstructorAccessorImpl.java:45)
at java.lang.reflect.Constructor.newInstance(Constructor.java:423)
at java.lang.Class.newInstance(Class.java:442)
at org.openqa.selenium.support.PageFactory.instantiatePage(PageFactory.java:131)
at org.openqa.selenium.support.PageFactory.initElements(PageFactory.java:64)
at com.syntax.pages.LoginPage_Sohil.<init>(LoginPage_Sohil.java:25)
at sun.reflect.GeneratedConstructorAccessor13.newInstance(Unknown Source)
at sun.reflect.DelegatingConstructorAccessorImpl.newInstance(DelegatingConstructorAccessorImpl.java:45)
at java.lang.reflect.Constructor.newInstance(Constructor.java:423)
at java.lang.Class.newInstance(Class.java:442)
at org.openqa.selenium.support.PageFactory.instantiatePage(PageFactory.java:131)
at org.openqa.selenium.support.PageFactory.initElements(PageFactory.java:64)
at com.syntax.pages.LoginPage_Sohil.<init>(LoginPage_Sohil.java:25)
at sun.reflect.GeneratedConstructorAccessor13.newInstance(Unknown Source)
at sun.reflect.DelegatingConstructorAccessorImpl.newInstance(DelegatingConstructorAccessorImpl.java:45)
at java.lang.reflect.Constructor.newInstance(Constructor.java:423)
at java.lang.Class.newInstance(Class.java:442)
at org.openqa.selenium.support.PageFactory.instantiatePage(PageFactory.java:131)
at org.openqa.selenium.support.PageFactory.initElements(PageFactory.java:64)
at com.syntax.pages.LoginPage_Sohil.<init>(LoginPage_Sohil.java:25)
at sun.reflect.GeneratedConstructorAccessor13.newInstance(Unknown Source)
at sun.reflect.DelegatingConstructorAccessorImpl.newInstance(DelegatingConstructorAccessorImpl.java:45)
at java.lang.reflect.Constructor.newInstance(Constructor.java:423)
at java.lang.Class.newInstance(Class.java:442)
at org.openqa.selenium.support.PageFactory.instantiatePage(PageFactory.java:131)
at org.openqa.selenium.support.PageFactory.initElements(PageFactory.java:64)
at com.syntax.pages.LoginPage_Sohil.<init>(LoginPage_Sohil.java:25)
at sun.reflect.GeneratedConstructorAccessor13.newInstance(Unknown Source)
at sun.reflect.DelegatingConstructorAccessorImpl.newInstance(DelegatingConstructorAccessorImpl.java:45)
at java.lang.reflect.Constructor.newInstance(Constructor.java:423)
at java.lang.Class.newInstance(Class.java:442)
at org.openqa.selenium.support.PageFactory.instantiatePage(PageFactory.java:131)
at org.openqa.selenium.support.PageFactory.initElements(PageFactory.java:64)
at com.syntax.pages.LoginPage_Sohil.<init>(LoginPage_Sohil.java:25)
at sun.reflect.GeneratedConstructorAccessor13.newInstance(Unknown Source)
at sun.reflect.DelegatingConstructorAccessorImpl.newInstance(DelegatingConstructorAccessorImpl.java:45)
at java.lang.reflect.Constructor.newInstance(Constructor.java:423)
at java.lang.Class.newInstance(Class.java:442)
at org.openqa.selenium.support.PageFactory.instantiatePage(PageFactory.java:131)
at org.openqa.selenium.support.PageFactory.initElements(PageFactory.java:64)
at com.syntax.pages.LoginPage_Sohil.<init>(LoginPage_Sohil.java:25)
at sun.reflect.GeneratedConstructorAccessor13.newInstance(Unknown Source)
at sun.reflect.DelegatingConstructorAccessorImpl.newInstance(DelegatingConstructorAccessorImpl.java:45)
at java.lang.reflect.Constructor.newInstance(Constructor.java:423)
at java.lang.Class.newInstance(Class.java:442)
at org.openqa.selenium.support.PageFactory.instantiatePage(PageFactory.java:131)
at org.openqa.selenium.support.PageFactory.initElements(PageFactory.java:64)
at com.syntax.pages.LoginPage_Sohil.<init>(LoginPage_Sohil.java:25)
at sun.reflect.GeneratedConstructorAccessor13.newInstance(Unknown Source)
at sun.reflect.DelegatingConstructorAccessorImpl.newInstance(DelegatingConstructorAccessorImpl.java:45)
at java.lang.reflect.Constructor.newInstance(Constructor.java:423)
at java.lang.Class.newInstance(Class.java:442)
at org.openqa.selenium.support.PageFactory.instantiatePage(PageFactory.java:131)
at org.openqa.selenium.support.PageFactory.initElements(PageFactory.java:64)
at com.syntax.pages.LoginPage_Sohil.<init>(LoginPage_Sohil.java:25)
at sun.reflect.GeneratedConstructorAccessor13.newInstance(Unknown Source)
at sun.reflect.DelegatingConstructorAccessorImpl.newInstance(DelegatingConstructorAccessorImpl.java:45)
at java.lang.reflect.Constructor.newInstance(Constructor.java:423)
at java.lang.Class.newInstance(Class.java:442)
at org.openqa.selenium.support.PageFactory.instantiatePage(PageFactory.java:131)
at org.openqa.selenium.support.PageFactory.initElements(PageFactory.java:64)
at com.syntax.pages.LoginPage_Sohil.<init>(LoginPage_Sohil.java:25)
at sun.reflect.GeneratedConstructorAccessor13.newInstance(Unknown Source)
at sun.reflect.DelegatingConstructorAccessorImpl.newInstance(DelegatingConstructorAccessorImpl.java:45)
at java.lang.reflect.Constructor.newInstance(Constructor.java:423)
at java.lang.Class.newInstance(Class.java:442)
at org.openqa.selenium.support.PageFactory.instantiatePage(PageFactory.java:131)
at org.openqa.selenium.support.PageFactory.initElements(PageFactory.java:64)
at com.syntax.pages.LoginPage_Sohil.<init>(LoginPage_Sohil.java:25)
at sun.reflect.GeneratedConstructorAccessor13.newInstance(Unknown Source)
at sun.reflect.DelegatingConstructorAccessorImpl.newInstance(DelegatingConstructorAccessorImpl.java:45)
at java.lang.reflect.Constructor.newInstance(Constructor.java:423)
at java.lang.Class.newInstance(Class.java:442)
at org.openqa.selenium.support.PageFactory.instantiatePage(PageFactory.java:131)
at org.openqa.selenium.support.PageFactory.initElements(PageFactory.java:64)
at com.syntax.pages.LoginPage_Sohil.<init>(LoginPage_Sohil.java:25)
at sun.reflect.GeneratedConstructorAccessor13.newInstance(Unknown Source)
at sun.reflect.DelegatingConstructorAccessorImpl.newInstance(DelegatingConstructorAccessorImpl.java:45)
at java.lang.reflect.Constructor.newInstance(Constructor.java:423)
at java.lang.Class.newInstance(Class.java:442)
at org.openqa.selenium.support.PageFactory.instantiatePage(PageFactory.java:131)
at org.openqa.selenium.support.PageFactory.initElements(PageFactory.java:64)
at com.syntax.pages.LoginPage_Sohil.<init>(LoginPage_Sohil.java:25)
at sun.reflect.GeneratedConstructorAccessor13.newInstance(Unknown Source)
at sun.reflect.DelegatingConstructorAccessorImpl.newInstance(DelegatingConstructorAccessorImpl.java:45)
at java.lang.reflect.Constructor.newInstance(Constructor.java:423)
at java.lang.Class.newInstance(Class.java:442)
at org.openqa.selenium.support.PageFactory.instantiatePage(PageFactory.java:131)
at org.openqa.selenium.support.PageFactory.initElements(PageFactory.java:64)
at com.syntax.pages.LoginPage_Sohil.<init>(LoginPage_Sohil.java:25)
at sun.reflect.GeneratedConstructorAccessor13.newInstance(Unknown Source)
at sun.reflect.DelegatingConstructorAccessorImpl.newInstance(DelegatingConstructorAccessorImpl.java:45)
at java.lang.reflect.Constructor.newInstance(Constructor.java:423)
at java.lang.Class.newInstance(Class.java:442)
at org.openqa.selenium.support.PageFactory.instantiatePage(PageFactory.java:131)
at org.openqa.selenium.support.PageFactory.initElements(PageFactory.java:64)
at com.syntax.pages.LoginPage_Sohil.<init>(LoginPage_Sohil.java:25)
at sun.reflect.GeneratedConstructorAccessor13.newInstance(Unknown Source)
at sun.reflect.DelegatingConstructorAccessorImpl.newInstance(DelegatingConstructorAccessorImpl.java:45)
at java.lang.reflect.Constructor.newInstance(Constructor.java:423)
at java.lang.Class.newInstance(Class.java:442)
at org.openqa.selenium.support.PageFactory.instantiatePage(PageFactory.java:131)
at org.openqa.selenium.support.PageFactory.initElements(PageFactory.java:64)
at com.syntax.pages.LoginPage_Sohil.<init>(LoginPage_Sohil.java:25)
at sun.reflect.GeneratedConstructorAccessor13.newInstance(Unknown Source)
at sun.reflect.DelegatingConstructorAccessorImpl.newInstance(DelegatingConstructorAccessorImpl.java:45)
at java.lang.reflect.Constructor.newInstance(Constructor.java:423)
at java.lang.Class.newInstance(Class.java:442)
at org.openqa.selenium.support.PageFactory.instantiatePage(PageFactory.java:131)
at org.openqa.selenium.support.PageFactory.initElements(PageFactory.java:64)
at com.syntax.pages.LoginPage_Sohil.<init>(LoginPage_Sohil.java:25)
at sun.reflect.GeneratedConstructorAccessor13.newInstance(Unknown Source)
at sun.reflect.DelegatingConstructorAccessorImpl.newInstance(DelegatingConstructorAccessorImpl.java:45)
at java.lang.reflect.Constructor.newInstance(Constructor.java:423)
at java.lang.Class.newInstance(Class.java:442)
at org.openqa.selenium.support.PageFactory.instantiatePage(PageFactory.java:131)
at org.openqa.selenium.support.PageFactory.initElements(PageFactory.java:64)
at com.syntax.pages.LoginPage_Sohil.<init>(LoginPage_Sohil.java:25)
at sun.reflect.GeneratedConstructorAccessor13.newInstance(Unknown Source)
at sun.reflect.DelegatingConstructorAccessorImpl.newInstance(DelegatingConstructorAccessorImpl.java:45)
at java.lang.reflect.Constructor.newInstance(Constructor.java:423)
at java.lang.Class.newInstance(Class.java:442)
at org.openqa.selenium.support.PageFactory.instantiatePage(PageFactory.java:131)
at org.openqa.selenium.support.PageFactory.initElements(PageFactory.java:64)
at com.syntax.pages.LoginPage_Sohil.<init>(LoginPage_Sohil.java:25)
at sun.reflect.GeneratedConstructorAccessor13.newInstance(Unknown Source)
at sun.reflect.DelegatingConstructorAccessorImpl.newInstance(DelegatingConstructorAccessorImpl.java:45)
at java.lang.reflect.Constructor.newInstance(Constructor.java:423)
at java.lang.Class.newInstance(Class.java:442)
at org.openqa.selenium.support.PageFactory.instantiatePage(PageFactory.java:131)
at org.openqa.selenium.support.PageFactory.initElements(PageFactory.java:64)
at com.syntax.pages.LoginPage_Sohil.<init>(LoginPage_Sohil.java:25)
at sun.reflect.GeneratedConstructorAccessor13.newInstance(Unknown Source)
at sun.reflect.DelegatingConstructorAccessorImpl.newInstance(DelegatingConstructorAccessorImpl.java:45)
at java.lang.reflect.Constructor.newInstance(Constructor.java:423)
at java.lang.Class.newInstance(Class.java:442)
at org.openqa.selenium.support.PageFactory.instantiatePage(PageFactory.java:131)
at org.openqa.selenium.support.PageFactory.initElements(PageFactory.java:64)
at com.syntax.pages.LoginPage_Sohil.<init>(LoginPage_Sohil.java:25)
at sun.reflect.GeneratedConstructorAccessor13.newInstance(Unknown Source)
at sun.reflect.DelegatingConstructorAccessorImpl.newInstance(DelegatingConstructorAccessorImpl.java:45)
at java.lang.reflect.Constructor.newInstance(Constructor.java:423)
at java.lang.Class.newInstance(Class.java:442)
at org.openqa.selenium.support.PageFactory.instantiatePage(PageFactory.java:131)
at org.openqa.selenium.support.PageFactory.initElements(PageFactory.java:64)
at com.syntax.pages.LoginPage_Sohil.<init>(LoginPage_Sohil.java:25)
at sun.reflect.GeneratedConstructorAccessor13.newInstance(Unknown Source)
at sun.reflect.DelegatingConstructorAccessorImpl.newInstance(DelegatingConstructorAccessorImpl.java:45)
at java.lang.reflect.Constructor.newInstance(Constructor.java:423)
at java.lang.Class.newInstance(Class.java:442)
at org.openqa.selenium.support.PageFactory.instantiatePage(PageFactory.java:131)
at org.openqa.selenium.support.PageFactory.initElements(PageFactory.java:64)
at com.syntax.pages.LoginPage_Sohil.<init>(LoginPage_Sohil.java:25)
at sun.reflect.GeneratedConstructorAccessor13.newInstance(Unknown Source)
at sun.reflect.DelegatingConstructorAccessorImpl.newInstance(DelegatingConstructorAccessorImpl.java:45)
at java.lang.reflect.Constructor.newInstance(Constructor.java:423)
at java.lang.Class.newInstance(Class.java:442)
at org.openqa.selenium.support.PageFactory.instantiatePage(PageFactory.java:131)
at org.openqa.selenium.support.PageFactory.initElements(PageFactory.java:64)
at com.syntax.pages.LoginPage_Sohil.<init>(LoginPage_Sohil.java:25)
at sun.reflect.GeneratedConstructorAccessor13.newInstance(Unknown Source)
at sun.reflect.DelegatingConstructorAccessorImpl.newInstance(DelegatingConstructorAccessorImpl.java:45)
at java.lang.reflect.Constructor.newInstance(Constructor.java:423)
at java.lang.Class.newInstance(Class.java:442)
at org.openqa.selenium.support.PageFactory.instantiatePage(PageFactory.java:131)
at org.openqa.selenium.support.PageFactory.initElements(PageFactory.java:64)
at com.syntax.pages.LoginPage_Sohil.<init>(LoginPage_Sohil.java:25)
at sun.reflect.GeneratedConstructorAccessor13.newInstance(Unknown Source)
at sun.reflect.DelegatingConstructorAccessorImpl.newInstance(DelegatingConstructorAccessorImpl.java:45)
at java.lang.reflect.Constructor.newInstance(Constructor.java:423)
at java.lang.Class.newInstance(Class.java:442)
at org.openqa.selenium.support.PageFactory.instantiatePage(PageFactory.java:131)
at org.openqa.selenium.support.PageFactory.initElements(PageFactory.java:64)
at com.syntax.pages.LoginPage_Sohil.<init>(LoginPage_Sohil.java:25)
at sun.reflect.GeneratedConstructorAccessor13.newInstance(Unknown Source)
at sun.reflect.DelegatingConstructorAccessorImpl.newInstance(DelegatingConstructorAccessorImpl.java:45)
at java.lang.reflect.Constructor.newInstance(Constructor.java:423)
at java.lang.Class.newInstance(Class.java:442)
at org.openqa.selenium.support.PageFactory.instantiatePage(PageFactory.java:131)
at org.openqa.selenium.support.PageFactory.initElements(PageFactory.java:64)
at com.syntax.pages.LoginPage_Sohil.<init>(LoginPage_Sohil.java:25)
at sun.reflect.GeneratedConstructorAccessor13.newInstance(Unknown Source)
at sun.reflect.DelegatingConstructorAccessorImpl.newInstance(DelegatingConstructorAccessorImpl.java:45)
at java.lang.reflect.Constructor.newInstance(Constructor.java:423)
at java.lang.Class.newInstance(Class.java:442)
at org.openqa.selenium.support.PageFactory.instantiatePage(PageFactory.java:131)
at org.openqa.selenium.support.PageFactory.initElements(PageFactory.java:64)
at com.syntax.pages.LoginPage_Sohil.<init>(LoginPage_Sohil.java:25)
at sun.reflect.GeneratedConstructorAccessor13.newInstance(Unknown Source)
at sun.reflect.DelegatingConstructorAccessorImpl.newInstance(DelegatingConstructorAccessorImpl.java:45)
at java.lang.reflect.Constructor.newInstance(Constructor.java:423)
at java.lang.Class.newInstance(Class.java:442)
at org.openqa.selenium.support.PageFactory.instantiatePage(PageFactory.java:131)
at org.openqa.selenium.support.PageFactory.initElements(PageFactory.java:64)
at com.syntax.pages.LoginPage_Sohil.<init>(LoginPage_Sohil.java:25)
at sun.reflect.GeneratedConstructorAccessor13.newInstance(Unknown Source)
at sun.reflect.DelegatingConstructorAccessorImpl.newInstance(DelegatingConstructorAccessorImpl.java:45)
at java.lang.reflect.Constructor.newInstance(Constructor.java:423)
at java.lang.Class.newInstance(Class.java:442)
at org.openqa.selenium.support.PageFactory.instantiatePage(PageFactory.java:131)
at org.openqa.selenium.support.PageFactory.initElements(PageFactory.java:64)
at com.syntax.pages.LoginPage_Sohil.<init>(LoginPage_Sohil.java:25)
at sun.reflect.GeneratedConstructorAccessor13.newInstance(Unknown Source)
at sun.reflect.DelegatingConstructorAccessorImpl.newInstance(DelegatingConstructorAccessorImpl.java:45)
at java.lang.reflect.Constructor.newInstance(Constructor.java:423)
at java.lang.Class.newInstance(Class.java:442)
at org.openqa.selenium.support.PageFactory.instantiatePage(PageFactory.java:131)
at org.openqa.selenium.support.PageFactory.initElements(PageFactory.java:64)
at com.syntax.pages.LoginPage_Sohil.<init>(LoginPage_Sohil.java:25)
at sun.reflect.GeneratedConstructorAccessor13.newInstance(Unknown Source)
at sun.reflect.DelegatingConstructorAccessorImpl.newInstance(DelegatingConstructorAccessorImpl.java:45)
at java.lang.reflect.Constructor.newInstance(Constructor.java:423)
at java.lang.Class.newInstance(Class.java:442)
at org.openqa.selenium.support.PageFactory.instantiatePage(PageFactory.java:131)
at org.openqa.selenium.support.PageFactory.initElements(PageFactory.java:64)
at com.syntax.pages.LoginPage_Sohil.<init>(LoginPage_Sohil.java:25)
at sun.reflect.GeneratedConstructorAccessor13.newInstance(Unknown Source)
at sun.reflect.DelegatingConstructorAccessorImpl.newInstance(DelegatingConstructorAccessorImpl.java:45)
at java.lang.reflect.Constructor.newInstance(Constructor.java:423)
at java.lang.Class.newInstance(Class.java:442)
at org.openqa.selenium.support.PageFactory.instantiatePage(PageFactory.java:131)
at org.openqa.selenium.support.PageFactory.initElements(PageFactory.java:64)
at com.syntax.pages.LoginPage_Sohil.<init>(LoginPage_Sohil.java:25)
at sun.reflect.GeneratedConstructorAccessor13.newInstance(Unknown Source)
at sun.reflect.DelegatingConstructorAccessorImpl.newInstance(DelegatingConstructorAccessorImpl.java:45)
at java.lang.reflect.Constructor.newInstance(Constructor.java:423)
at java.lang.Class.newInstance(Class.java:442)
at org.openqa.selenium.support.PageFactory.instantiatePage(PageFactory.java:131)
at org.openqa.selenium.support.PageFactory.initElements(PageFactory.java:64)
at com.syntax.pages.LoginPage_Sohil.<init>(LoginPage_Sohil.java:25)
at sun.reflect.GeneratedConstructorAccessor13.newInstance(Unknown Source)
at sun.reflect.DelegatingConstructorAccessorImpl.newInstance(DelegatingConstructorAccessorImpl.java:45)
at java.lang.reflect.Constructor.newInstance(Constructor.java:423)
at java.lang.Class.newInstance(Class.java:442)
at org.openqa.selenium.support.PageFactory.instantiatePage(PageFactory.java:131)
at org.openqa.selenium.support.PageFactory.initElements(PageFactory.java:64)
at com.syntax.pages.LoginPage_Sohil.<init>(LoginPage_Sohil.java:25)
at sun.reflect.GeneratedConstructorAccessor13.newInstance(Unknown Source)
at sun.reflect.DelegatingConstructorAccessorImpl.newInstance(DelegatingConstructorAccessorImpl.java:45)
at java.lang.reflect.Constructor.newInstance(Constructor.java:423)
at java.lang.Class.newInstance(Class.java:442)
at org.openqa.selenium.support.PageFactory.instantiatePage(PageFactory.java:131)
at org.openqa.selenium.support.PageFactory.initElements(PageFactory.java:64)
at com.syntax.pages.LoginPage_Sohil.<init>(LoginPage_Sohil.java:25)
at sun.reflect.GeneratedConstructorAccessor13.newInstance(Unknown Source)
at sun.reflect.DelegatingConstructorAccessorImpl.newInstance(DelegatingConstructorAccessorImpl.java:45)
at java.lang.reflect.Constructor.newInstance(Constructor.java:423)
at java.lang.Class.newInstance(Class.java:442)
at org.openqa.selenium.support.PageFactory.instantiatePage(PageFactory.java:131)
at org.openqa.selenium.support.PageFactory.initElements(PageFactory.java:64)
at com.syntax.pages.LoginPage_Sohil.<init>(LoginPage_Sohil.java:25)
at sun.reflect.GeneratedConstructorAccessor13.newInstance(Unknown Source)
at sun.reflect.DelegatingConstructorAccessorImpl.newInstance(DelegatingConstructorAccessorImpl.java:45)
at java.lang.reflect.Constructor.newInstance(Constructor.java:423)
at java.lang.Class.newInstance(Class.java:442)
at org.openqa.selenium.support.PageFactory.instantiatePage(PageFactory.java:131)
at org.openqa.selenium.support.PageFactory.initElements(PageFactory.java:64)
at com.syntax.pages.LoginPage_Sohil.<init>(LoginPage_Sohil.java:25)
at sun.reflect.GeneratedConstructorAccessor13.newInstance(Unknown Source)
at sun.reflect.DelegatingConstructorAccessorImpl.newInstance(DelegatingConstructorAccessorImpl.java:45)
at java.lang.reflect.Constructor.newInstance(Constructor.java:423)
at java.lang.Class.newInstance(Class.java:442)
at org.openqa.selenium.support.PageFactory.instantiatePage(PageFactory.java:131)
at org.openqa.selenium.support.PageFactory.initElements(PageFactory.java:64)
at com.syntax.pages.LoginPage_Sohil.<init>(LoginPage_Sohil.java:25)
at sun.reflect.GeneratedConstructorAccessor13.newInstance(Unknown Source)
at sun.reflect.DelegatingConstructorAccessorImpl.newInstance(DelegatingConstructorAccessorImpl.java:45)
at java.lang.reflect.Constructor.newInstance(Constructor.java:423)
at java.lang.Class.newInstance(Class.java:442)
at org.openqa.selenium.support.PageFactory.instantiatePage(PageFactory.java:131)
at org.openqa.selenium.support.PageFactory.initElements(PageFactory.java:64)
at com.syntax.pages.LoginPage_Sohil.<init>(LoginPage_Sohil.java:25)
at sun.reflect.GeneratedConstructorAccessor13.newInstance(Unknown Source)
at sun.reflect.DelegatingConstructorAccessorImpl.newInstance(DelegatingConstructorAccessorImpl.java:45)
at java.lang.reflect.Constructor.newInstance(Constructor.java:423)
at java.lang.Class.newInstance(Class.java:442)
at org.openqa.selenium.support.PageFactory.instantiatePage(PageFactory.java:131)
at org.openqa.selenium.support.PageFactory.initElements(PageFactory.java:64)
at com.syntax.pages.LoginPage_Sohil.<init>(LoginPage_Sohil.java:25)
at sun.reflect.GeneratedConstructorAccessor13.newInstance(Unknown Source)
at sun.reflect.DelegatingConstructorAccessorImpl.newInstance(DelegatingConstructorAccessorImpl.java:45)
at java.lang.reflect.Constructor.newInstance(Constructor.java:423)
at java.lang.Class.newInstance(Class.java:442)
at org.openqa.selenium.support.PageFactory.instantiatePage(PageFactory.java:131)
at org.openqa.selenium.support.PageFactory.initElements(PageFactory.java:64)
at com.syntax.pages.LoginPage_Sohil.<init>(LoginPage_Sohil.java:25)
at sun.reflect.GeneratedConstructorAccessor13.newInstance(Unknown Source)
at sun.reflect.DelegatingConstructorAccessorImpl.newInstance(DelegatingConstructorAccessorImpl.java:45)
at java.lang.reflect.Constructor.newInstance(Constructor.java:423)
at java.lang.Class.newInstance(Class.java:442)
at org.openqa.selenium.support.PageFactory.instantiatePage(PageFactory.java:131)
at org.openqa.selenium.support.PageFactory.initElements(PageFactory.java:64)
at com.syntax.pages.LoginPage_Sohil.<init>(LoginPage_Sohil.java:25)
at sun.reflect.GeneratedConstructorAccessor13.newInstance(Unknown Source)
at sun.reflect.DelegatingConstructorAccessorImpl.newInstance(DelegatingConstructorAccessorImpl.java:45)
at java.lang.reflect.Constructor.newInstance(Constructor.java:423)
at java.lang.Class.newInstance(Class.java:442)
at org.openqa.selenium.support.PageFactory.instantiatePage(PageFactory.java:131)
at org.openqa.selenium.support.PageFactory.initElements(PageFactory.java:64)
at com.syntax.pages.LoginPage_Sohil.<init>(LoginPage_Sohil.java:25)
at sun.reflect.GeneratedConstructorAccessor13.newInstance(Unknown Source)
at sun.reflect.DelegatingConstructorAccessorImpl.newInstance(DelegatingConstructorAccessorImpl.java:45)
at java.lang.reflect.Constructor.newInstance(Constructor.java:423)
at java.lang.Class.newInstance(Class.java:442)
at org.openqa.selenium.support.PageFactory.instantiatePage(PageFactory.java:131)
at org.openqa.selenium.support.PageFactory.initElements(PageFactory.java:64)
at com.syntax.pages.LoginPage_Sohil.<init>(LoginPage_Sohil.java:25)
at sun.reflect.GeneratedConstructorAccessor13.newInstance(Unknown Source)
at sun.reflect.DelegatingConstructorAccessorImpl.newInstance(DelegatingConstructorAccessorImpl.java:45)
at java.lang.reflect.Constructor.newInstance(Constructor.java:423)
at java.lang.Class.newInstance(Class.java:442)
at org.openqa.selenium.support.PageFactory.instantiatePage(PageFactory.java:131)
at org.openqa.selenium.support.PageFactory.initElements(PageFactory.java:64)
at com.syntax.pages.LoginPage_Sohil.<init>(LoginPage_Sohil.java:25)
at sun.reflect.GeneratedConstructorAccessor13.newInstance(Unknown Source)
at sun.reflect.DelegatingConstructorAccessorImpl.newInstance(DelegatingConstructorAccessorImpl.java:45)
at java.lang.reflect.Constructor.newInstance(Constructor.java:423)
at java.lang.Class.newInstance(Class.java:442)
at org.openqa.selenium.support.PageFactory.instantiatePage(PageFactory.java:131)
at org.openqa.selenium.support.PageFactory.initElements(PageFactory.java:64)
at com.syntax.pages.LoginPage_Sohil.<init>(LoginPage_Sohil.java:25)
at sun.reflect.GeneratedConstructorAccessor13.newInstance(Unknown Source)
at sun.reflect.DelegatingConstructorAccessorImpl.newInstance(DelegatingConstructorAccessorImpl.java:45)
at java.lang.reflect.Constructor.newInstance(Constructor.java:423)
at java.lang.Class.newInstance(Class.java:442)
at org.openqa.selenium.support.PageFactory.instantiatePage(PageFactory.java:131)
at org.openqa.selenium.support.PageFactory.initElements(PageFactory.java:64)
at com.syntax.pages.LoginPage_Sohil.<init>(LoginPage_Sohil.java:25)
at sun.reflect.GeneratedConstructorAccessor13.newInstance(Unknown Source)
at sun.reflect.DelegatingConstructorAccessorImpl.newInstance(DelegatingConstructorAccessorImpl.java:45)
at java.lang.reflect.Constructor.newInstance(Constructor.java:423)
at java.lang.Class.newInstance(Class.java:442)
at org.openqa.selenium.support.PageFactory.instantiatePage(PageFactory.java:131)
at org.openqa.selenium.support.PageFactory.initElements(PageFactory.java:64)
at com.syntax.pages.LoginPage_Sohil.<init>(LoginPage_Sohil.java:25)
at sun.reflect.GeneratedConstructorAccessor13.newInstance(Unknown Source)
at sun.reflect.DelegatingConstructorAccessorImpl.newInstance(DelegatingConstructorAccessorImpl.java:45)
at java.lang.reflect.Constructor.newInstance(Constructor.java:423)
at java.lang.Class.newInstance(Class.java:442)
at org.openqa.selenium.support.PageFactory.instantiatePage(PageFactory.java:131)
at org.openqa.selenium.support.PageFactory.initElements(PageFactory.java:64)
at com.syntax.pages.LoginPage_Sohil.<init>(LoginPage_Sohil.java:25)
at sun.reflect.GeneratedConstructorAccessor13.newInstance(Unknown Source)
at sun.reflect.DelegatingConstructorAccessorImpl.newInstance(DelegatingConstructorAccessorImpl.java:45)
at java.lang.reflect.Constructor.newInstance(Constructor.java:423)
at java.lang.Class.newInstance(Class.java:442)
at org.openqa.selenium.support.PageFactory.instantiatePage(PageFactory.java:131)
at org.openqa.selenium.support.PageFactory.initElements(PageFactory.java:64)
at com.syntax.pages.LoginPage_Sohil.<init>(LoginPage_Sohil.java:25)
at sun.reflect.GeneratedConstructorAccessor13.newInstance(Unknown Source)
at sun.reflect.DelegatingConstructorAccessorImpl.newInstance(DelegatingConstructorAccessorImpl.java:45)
at java.lang.reflect.Constructor.newInstance(Constructor.java:423)
at java.lang.Class.newInstance(Class.java:442)
at org.openqa.selenium.support.PageFactory.instantiatePage(PageFactory.java:131)
at org.openqa.selenium.support.PageFactory.initElements(PageFactory.java:64)
at com.syntax.pages.LoginPage_Sohil.<init>(LoginPage_Sohil.java:25)
at sun.reflect.GeneratedConstructorAccessor13.newInstance(Unknown Source)
at sun.reflect.DelegatingConstructorAccessorImpl.newInstance(DelegatingConstructorAccessorImpl.java:45)
at java.lang.reflect.Constructor.newInstance(Constructor.java:423)
at java.lang.Class.newInstance(Class.java:442)
at org.openqa.selenium.support.PageFactory.instantiatePage(PageFactory.java:131)
at org.openqa.selenium.support.PageFactory.initElements(PageFactory.java:64)
at com.syntax.pages.LoginPage_Sohil.<init>(LoginPage_Sohil.java:25)
at sun.reflect.GeneratedConstructorAccessor13.newInstance(Unknown Source)
at sun.reflect.DelegatingConstructorAccessorImpl.newInstance(DelegatingConstructorAccessorImpl.java:45)
at java.lang.reflect.Constructor.newInstance(Constructor.java:423)
at java.lang.Class.newInstance(Class.java:442)
at org.openqa.selenium.support.PageFactory.instantiatePage(PageFactory.java:131)
at org.openqa.selenium.support.PageFactory.initElements(PageFactory.java:64)
at com.syntax.pages.LoginPage_Sohil.<init>(LoginPage_Sohil.java:25)
at sun.reflect.GeneratedConstructorAccessor13.newInstance(Unknown Source)
at sun.reflect.DelegatingConstructorAccessorImpl.newInstance(DelegatingConstructorAccessorImpl.java:45)
at java.lang.reflect.Constructor.newInstance(Constructor.java:423)
at java.lang.Class.newInstance(Class.java:442)
at org.openqa.selenium.support.PageFactory.instantiatePage(PageFactory.java:131)
at org.openqa.selenium.support.PageFactory.initElements(PageFactory.java:64)
at com.syntax.pages.LoginPage_Sohil.<init>(LoginPage_Sohil.java:25)
at sun.reflect.GeneratedConstructorAccessor13.newInstance(Unknown Source)
at sun.reflect.DelegatingConstructorAccessorImpl.newInstance(DelegatingConstructorAccessorImpl.java:45)
at java.lang.reflect.Constructor.newInstance(Constructor.java:423)
at java.lang.Class.newInstance(Class.java:442)
at org.openqa.selenium.support.PageFactory.instantiatePage(PageFactory.java:131)
at org.openqa.selenium.support.PageFactory.initElements(PageFactory.java:64)
at com.syntax.pages.LoginPage_Sohil.<init>(LoginPage_Sohil.java:25)
at sun.reflect.GeneratedConstructorAccessor13.newInstance(Unknown Source)
at sun.reflect.DelegatingConstructorAccessorImpl.newInstance(DelegatingConstructorAccessorImpl.java:45)
at java.lang.reflect.Constructor.newInstance(Constructor.java:423)
at java.lang.Class.newInstance(Class.java:442)
at org.openqa.selenium.support.PageFactory.instantiatePage(PageFactory.java:131)
at org.openqa.selenium.support.PageFactory.initElements(PageFactory.java:64)
at com.syntax.pages.LoginPage_Sohil.<init>(LoginPage_Sohil.java:25)
at sun.reflect.GeneratedConstructorAccessor13.newInstance(Unknown Source)
at sun.reflect.DelegatingConstructorAccessorImpl.newInstance(DelegatingConstructorAccessorImpl.java:45)
at java.lang.reflect.Constructor.newInstance(Constructor.java:423)
at java.lang.Class.newInstance(Class.java:442)
at org.openqa.selenium.support.PageFactory.instantiatePage(PageFactory.java:131)
at org.openqa.selenium.support.PageFactory.initElements(PageFactory.java:64)
at com.syntax.pages.LoginPage_Sohil.<init>(LoginPage_Sohil.java:25)
at sun.reflect.GeneratedConstructorAccessor13.newInstance(Unknown Source)
at sun.reflect.DelegatingConstructorAccessorImpl.newInstance(DelegatingConstructorAccessorImpl.java:45)
at java.lang.reflect.Constructor.newInstance(Constructor.java:423)
at java.lang.Class.newInstance(Class.java:442)
at org.openqa.selenium.support.PageFactory.instantiatePage(PageFactory.java:131)
at org.openqa.selenium.support.PageFactory.initElements(PageFactory.java:64)
at com.syntax.pages.LoginPage_Sohil.<init>(LoginPage_Sohil.java:25)
at sun.reflect.GeneratedConstructorAccessor13.newInstance(Unknown Source)
at sun.reflect.DelegatingConstructorAccessorImpl.newInstance(DelegatingConstructorAccessorImpl.java:45)
at java.lang.reflect.Constructor.newInstance(Constructor.java:423)
at java.lang.Class.newInstance(Class.java:442)
at org.openqa.selenium.support.PageFactory.instantiatePage(PageFactory.java:131)
at org.openqa.selenium.support.PageFactory.initElements(PageFactory.java:64)
at com.syntax.pages.LoginPage_Sohil.<init>(LoginPage_Sohil.java:25)
at sun.reflect.GeneratedConstructorAccessor13.newInstance(Unknown Source)
at sun.reflect.DelegatingConstructorAccessorImpl.newInstance(DelegatingConstructorAccessorImpl.java:45)
at java.lang.reflect.Constructor.newInstance(Constructor.java:423)
at java.lang.Class.newInstance(Class.java:442)
at org.openqa.selenium.support.PageFactory.instantiatePage(PageFactory.java:131)
at org.openqa.selenium.support.PageFactory.initElements(PageFactory.java:64)
at com.syntax.pages.LoginPage_Sohil.<init>(LoginPage_Sohil.java:25)
at sun.reflect.GeneratedConstructorAccessor13.newInstance(Unknown Source)
at sun.reflect.DelegatingConstructorAccessorImpl.newInstance(DelegatingConstructorAccessorImpl.java:45)
at java.lang.reflect.Constructor.newInstance(Constructor.java:423)
at java.lang.Class.newInstance(Class.java:442)
at org.openqa.selenium.support.PageFactory.instantiatePage(PageFactory.java:131)
at org.openqa.selenium.support.PageFactory.initElements(PageFactory.java:64)
at com.syntax.pages.LoginPage_Sohil.<init>(LoginPage_Sohil.java:25)
at sun.reflect.GeneratedConstructorAccessor13.newInstance(Unknown Source)
at sun.reflect.DelegatingConstructorAccessorImpl.newInstance(DelegatingConstructorAccessorImpl.java:45)
at java.lang.reflect.Constructor.newInstance(Constructor.java:423)
at java.lang.Class.newInstance(Class.java:442)
at org.openqa.selenium.support.PageFactory.instantiatePage(PageFactory.java:131)
at org.openqa.selenium.support.PageFactory.initElements(PageFactory.java:64)
at com.syntax.pages.LoginPage_Sohil.<init>(LoginPage_Sohil.java:25)
at sun.reflect.GeneratedConstructorAccessor13.newInstance(Unknown Source)
at sun.reflect.DelegatingConstructorAccessorImpl.newInstance(DelegatingConstructorAccessorImpl.java:45)
at java.lang.reflect.Constructor.newInstance(Constructor.java:423)
at java.lang.Class.newInstance(Class.java:442)
at org.openqa.selenium.support.PageFactory.instantiatePage(PageFactory.java:131)
at org.openqa.selenium.support.PageFactory.initElements(PageFactory.java:64)
at com.syntax.pages.LoginPage_Sohil.<init>(LoginPage_Sohil.java:25)
at sun.reflect.GeneratedConstructorAccessor13.newInstance(Unknown Source)
at sun.reflect.DelegatingConstructorAccessorImpl.newInstance(DelegatingConstructorAccessorImpl.java:45)
at java.lang.reflect.Constructor.newInstance(Constructor.java:423)
at java.lang.Class.newInstance(Class.java:442)
at org.openqa.selenium.support.PageFactory.instantiatePage(PageFactory.java:131)
at org.openqa.selenium.support.PageFactory.initElements(PageFactory.java:64)
at com.syntax.pages.LoginPage_Sohil.<init>(LoginPage_Sohil.java:25)
at sun.reflect.GeneratedConstructorAccessor13.newInstance(Unknown Source)
at sun.reflect.DelegatingConstructorAccessorImpl.newInstance(DelegatingConstructorAccessorImpl.java:45)
at java.lang.reflect.Constructor.newInstance(Constructor.java:423)
at java.lang.Class.newInstance(Class.java:442)
at org.openqa.selenium.support.PageFactory.instantiatePage(PageFactory.java:131)
at org.openqa.selenium.support.PageFactory.initElements(PageFactory.java:64)
at com.syntax.pages.LoginPage_Sohil.<init>(LoginPage_Sohil.java:25)
at sun.reflect.GeneratedConstructorAccessor13.newInstance(Unknown Source)
at sun.reflect.DelegatingConstructorAccessorImpl.newInstance(DelegatingConstructorAccessorImpl.java:45)
at java.lang.reflect.Constructor.newInstance(Constructor.java:423)
at java.lang.Class.newInstance(Class.java:442)
at org.openqa.selenium.support.PageFactory.instantiatePage(PageFactory.java:131)
at org.openqa.selenium.support.PageFactory.initElements(PageFactory.java:64)
at com.syntax.pages.LoginPage_Sohil.<init>(LoginPage_Sohil.java:25)
at sun.reflect.GeneratedConstructorAccessor13.newInstance(Unknown Source)
at sun.reflect.DelegatingConstructorAccessorImpl.newInstance(DelegatingConstructorAccessorImpl.java:45)
at java.lang.reflect.Constructor.newInstance(Constructor.java:423)
at java.lang.Class.newInstance(Class.java:442)
at org.openqa.selenium.support.PageFactory.instantiatePage(PageFactory.java:131)
at org.openqa.selenium.support.PageFactory.initElements(PageFactory.java:64)
at com.syntax.pages.LoginPage_Sohil.<init>(LoginPage_Sohil.java:25)
at sun.reflect.GeneratedConstructorAccessor13.newInstance(Unknown Source)
at sun.reflect.DelegatingConstructorAccessorImpl.newInstance(DelegatingConstructorAccessorImpl.java:45)
at java.lang.reflect.Constructor.newInstance(Constructor.java:423)
at java.lang.Class.newInstance(Class.java:442)
at org.openqa.selenium.support.PageFactory.instantiatePage(PageFactory.java:131)
at org.openqa.selenium.support.PageFactory.initElements(PageFactory.java:64)
at com.syntax.pages.LoginPage_Sohil.<init>(LoginPage_Sohil.java:25)
at sun.reflect.GeneratedConstructorAccessor13.newInstance(Unknown Source)
at sun.reflect.DelegatingConstructorAccessorImpl.newInstance(DelegatingConstructorAccessorImpl.java:45)
at java.lang.reflect.Constructor.newInstance(Constructor.java:423)
at java.lang.Class.newInstance(Class.java:442)
at org.openqa.selenium.support.PageFactory.instantiatePage(PageFactory.java:131)
at org.openqa.selenium.support.PageFactory.initElements(PageFactory.java:64)
at com.syntax.pages.LoginPage_Sohil.<init>(LoginPage_Sohil.java:25)
at sun.reflect.GeneratedConstructorAccessor13.newInstance(Unknown Source)
at sun.reflect.DelegatingConstructorAccessorImpl.newInstance(DelegatingConstructorAccessorImpl.java:45)
at java.lang.reflect.Constructor.newInstance(Constructor.java:423)
at java.lang.Class.newInstance(Class.java:442)
at org.openqa.selenium.support.PageFactory.instantiatePage(PageFactory.java:131)
at org.openqa.selenium.support.PageFactory.initElements(PageFactory.java:64)
at com.syntax.pages.LoginPage_Sohil.<init>(LoginPage_Sohil.java:25)
at sun.reflect.GeneratedConstructorAccessor13.newInstance(Unknown Source)
at sun.reflect.DelegatingConstructorAccessorImpl.newInstance(DelegatingConstructorAccessorImpl.java:45)
at java.lang.reflect.Constructor.newInstance(Constructor.java:423)
at java.lang.Class.newInstance(Class.java:442)
at org.openqa.selenium.support.PageFactory.instantiatePage(PageFactory.java:131)
at org.openqa.selenium.support.PageFactory.initElements(PageFactory.java:64)
at com.syntax.pages.LoginPage_Sohil.<init>(LoginPage_Sohil.java:25)
at sun.reflect.GeneratedConstructorAccessor13.newInstance(Unknown Source)
at sun.reflect.DelegatingConstructorAccessorImpl.newInstance(DelegatingConstructorAccessorImpl.java:45)
at java.lang.reflect.Constructor.newInstance(Constructor.java:423)
at java.lang.Class.newInstance(Class.java:442)
at org.openqa.selenium.support.PageFactory.instantiatePage(PageFactory.java:131)
at org.openqa.selenium.support.PageFactory.initElements(PageFactory.java:64)
at com.syntax.pages.LoginPage_Sohil.<init>(LoginPage_Sohil.java:25)
at sun.reflect.GeneratedConstructorAccessor13.newInstance(Unknown Source)
at sun.reflect.DelegatingConstructorAccessorImpl.newInstance(DelegatingConstructorAccessorImpl.java:45)
at java.lang.reflect.Constructor.newInstance(Constructor.java:423)
at java.lang.Class.newInstance(Class.java:442)
at org.openqa.selenium.support.PageFactory.instantiatePage(PageFactory.java:131)
at org.openqa.selenium.support.PageFactory.initElements(PageFactory.java:64)
at com.syntax.pages.LoginPage_Sohil.<init>(LoginPage_Sohil.java:25)
at sun.reflect.GeneratedConstructorAccessor13.newInstance(Unknown Source)
at sun.reflect.DelegatingConstructorAccessorImpl.newInstance(DelegatingConstructorAccessorImpl.java:45)
at java.lang.reflect.Constructor.newInstance(Constructor.java:423)
at java.lang.Class.newInstance(Class.java:442)
at org.openqa.selenium.support.PageFactory.instantiatePage(PageFactory.java:131)
at org.openqa.selenium.support.PageFactory.initElements(PageFactory.java:64)
at com.syntax.pages.LoginPage_Sohil.<init>(LoginPage_Sohil.java:25)
at sun.reflect.GeneratedConstructorAccessor13.newInstance(Unknown Source)
at sun.reflect.DelegatingConstructorAccessorImpl.newInstance(DelegatingConstructorAccessorImpl.java:45)
at java.lang.reflect.Constructor.newInstance(Constructor.java:423)
at java.lang.Class.newInstance(Class.java:442)
at org.openqa.selenium.support.PageFactory.instantiatePage(PageFactory.java:131)
at org.openqa.selenium.support.PageFactory.initElements(PageFactory.java:64)
at com.syntax.pages.LoginPage_Sohil.<init>(LoginPage_Sohil.java:25)
at sun.reflect.GeneratedConstructorAccessor13.newInstance(Unknown Source)
at sun.reflect.DelegatingConstructorAccessorImpl.newInstance(DelegatingConstructorAccessorImpl.java:45)
at java.lang.reflect.Constructor.newInstance(Constructor.java:423)
at java.lang.Class.newInstance(Class.java:442)
at org.openqa.selenium.support.PageFactory.instantiatePage(PageFactory.java:131)
at org.openqa.selenium.support.PageFactory.initElements(PageFactory.java:64)
at com.syntax.pages.LoginPage_Sohil.<init>(LoginPage_Sohil.java:25)
at sun.reflect.GeneratedConstructorAccessor13.newInstance(Unknown Source)
at sun.reflect.DelegatingConstructorAccessorImpl.newInstance(DelegatingConstructorAccessorImpl.java:45)
at java.lang.reflect.Constructor.newInstance(Constructor.java:423)
at java.lang.Class.newInstance(Class.java:442)
at org.openqa.selenium.support.PageFactory.instantiatePage(PageFactory.java:131)
at org.openqa.selenium.support.PageFactory.initElements(PageFactory.java:64)
at com.syntax.pages.LoginPage_Sohil.<init>(LoginPage_Sohil.java:25)
at sun.reflect.GeneratedConstructorAccessor13.newInstance(Unknown Source)
at sun.reflect.DelegatingConstructorAccessorImpl.newInstance(DelegatingConstructorAccessorImpl.java:45)
at java.lang.reflect.Constructor.newInstance(Constructor.java:423)
at java.lang.Class.newInstance(Class.java:442)
at org.openqa.selenium.support.PageFactory.instantiatePage(PageFactory.java:131)
at org.openqa.selenium.support.PageFactory.initElements(PageFactory.java:64)
at com.syntax.pages.LoginPage_Sohil.<init>(LoginPage_Sohil.java:25)
at sun.reflect.GeneratedConstructorAccessor13.newInstance(Unknown Source)
at sun.reflect.DelegatingConstructorAccessorImpl.newInstance(DelegatingConstructorAccessorImpl.java:45)
at java.lang.reflect.Constructor.newInstance(Constructor.java:423)
at java.lang.Class.newInstance(Class.java:442)
at org.openqa.selenium.support.PageFactory.instantiatePage(PageFactory.java:131)
at org.openqa.selenium.support.PageFactory.initElements(PageFactory.java:64)
at com.syntax.pages.LoginPage_Sohil.<init>(LoginPage_Sohil.java:25)
at sun.reflect.GeneratedConstructorAccessor13.newInstance(Unknown Source)
at sun.reflect.DelegatingConstructorAccessorImpl.newInstance(DelegatingConstructorAccessorImpl.java:45)
at java.lang.reflect.Constructor.newInstance(Constructor.java:423)
at java.lang.Class.newInstance(Class.java:442)
at org.openqa.selenium.support.PageFactory.instantiatePage(PageFactory.java:131)
at org.openqa.selenium.support.PageFactory.initElements(PageFactory.java:64)
at com.syntax.pages.LoginPage_Sohil.<init>(LoginPage_Sohil.java:25)
at sun.reflect.GeneratedConstructorAccessor13.newInstance(Unknown Source)
]]>
    </error>
  </testcase> <!-- login -->
  <testcase name="loginWithInvC" time="2.386" classname="com.syntax.testcases.LoginPage_SohilTest">
    <error type="java.lang.StackOverflowError">
      <![CDATA[java.lang.StackOverflowError
at java.lang.Exception.<init>(Exception.java:102)
at java.lang.ReflectiveOperationException.<init>(ReflectiveOperationException.java:89)
at java.lang.reflect.InvocationTargetException.<init>(InvocationTargetException.java:72)
at sun.reflect.GeneratedConstructorAccessor13.newInstance(Unknown Source)
at sun.reflect.DelegatingConstructorAccessorImpl.newInstance(DelegatingConstructorAccessorImpl.java:45)
at java.lang.reflect.Constructor.newInstance(Constructor.java:423)
at java.lang.Class.newInstance(Class.java:442)
at org.openqa.selenium.support.PageFactory.instantiatePage(PageFactory.java:131)
at org.openqa.selenium.support.PageFactory.initElements(PageFactory.java:64)
at com.syntax.pages.LoginPage_Sohil.<init>(LoginPage_Sohil.java:25)
at sun.reflect.GeneratedConstructorAccessor13.newInstance(Unknown Source)
at sun.reflect.DelegatingConstructorAccessorImpl.newInstance(DelegatingConstructorAccessorImpl.java:45)
at java.lang.reflect.Constructor.newInstance(Constructor.java:423)
at java.lang.Class.newInstance(Class.java:442)
at org.openqa.selenium.support.PageFactory.instantiatePage(PageFactory.java:131)
at org.openqa.selenium.support.PageFactory.initElements(PageFactory.java:64)
at com.syntax.pages.LoginPage_Sohil.<init>(LoginPage_Sohil.java:25)
at sun.reflect.GeneratedConstructorAccessor13.newInstance(Unknown Source)
at sun.reflect.DelegatingConstructorAccessorImpl.newInstance(DelegatingConstructorAccessorImpl.java:45)
at java.lang.reflect.Constructor.newInstance(Constructor.java:423)
at java.lang.Class.newInstance(Class.java:442)
at org.openqa.selenium.support.PageFactory.instantiatePage(PageFactory.java:131)
at org.openqa.selenium.support.PageFactory.initElements(PageFactory.java:64)
at com.syntax.pages.LoginPage_Sohil.<init>(LoginPage_Sohil.java:25)
at sun.reflect.GeneratedConstructorAccessor13.newInstance(Unknown Source)
at sun.reflect.DelegatingConstructorAccessorImpl.newInstance(DelegatingConstructorAccessorImpl.java:45)
at java.lang.reflect.Constructor.newInstance(Constructor.java:423)
at java.lang.Class.newInstance(Class.java:442)
at org.openqa.selenium.support.PageFactory.instantiatePage(PageFactory.java:131)
at org.openqa.selenium.support.PageFactory.initElements(PageFactory.java:64)
at com.syntax.pages.LoginPage_Sohil.<init>(LoginPage_Sohil.java:25)
at sun.reflect.GeneratedConstructorAccessor13.newInstance(Unknown Source)
at sun.reflect.DelegatingConstructorAccessorImpl.newInstance(DelegatingConstructorAccessorImpl.java:45)
at java.lang.reflect.Constructor.newInstance(Constructor.java:423)
at java.lang.Class.newInstance(Class.java:442)
at org.openqa.selenium.support.PageFactory.instantiatePage(PageFactory.java:131)
at org.openqa.selenium.support.PageFactory.initElements(PageFactory.java:64)
at com.syntax.pages.LoginPage_Sohil.<init>(LoginPage_Sohil.java:25)
at sun.reflect.GeneratedConstructorAccessor13.newInstance(Unknown Source)
at sun.reflect.DelegatingConstructorAccessorImpl.newInstance(DelegatingConstructorAccessorImpl.java:45)
at java.lang.reflect.Constructor.newInstance(Constructor.java:423)
at java.lang.Class.newInstance(Class.java:442)
at org.openqa.selenium.support.PageFactory.instantiatePage(PageFactory.java:131)
at org.openqa.selenium.support.PageFactory.initElements(PageFactory.java:64)
at com.syntax.pages.LoginPage_Sohil.<init>(LoginPage_Sohil.java:25)
at sun.reflect.GeneratedConstructorAccessor13.newInstance(Unknown Source)
[...]
at org.openqa.selenium.support.PageFactory.instantiatePage(PageFactory.java:131)
at org.openqa.selenium.support.PageFactory.initElements(PageFactory.java:64)
at com.syntax.pages.LoginPage_Sohil.<init>(LoginPage_Sohil.java:25)
at sun.reflect.GeneratedConstructorAccessor13.newInstance(Unknown Source)
at sun.reflect.DelegatingConstructorAccessorImpl.newInstance(DelegatingConstructorAccessorImpl.java:45)
at java.lang.reflect.Constructor.newInstance(Constructor.java:423)
at java.lang.Class.newInstance(Class.java:442)
at org.openqa.selenium.support.PageFactory.instantiatePage(PageFactory.java:131)
at org.openqa.selenium.support.PageFactory.initElements(PageFactory.java:64)
at com.syntax.pages.LoginPage_Sohil.<init>(LoginPage_Sohil.java:25)
at sun.reflect.GeneratedConstructorAccessor13.newInstance(Unknown Source)
at sun.reflect.DelegatingConstructorAccessorImpl.newInstance(DelegatingConstructorAccessorImpl.java:45)
at java.lang.reflect.Constructor.newInstance(Constructor.java:423)
at java.lang.Class.newInstance(Class.java:442)
at org.openqa.selenium.support.PageFactory.instantiatePage(PageFactory.java:131)
at org.openqa.selenium.support.PageFactory.initElements(PageFactory.java:64)
at com.syntax.pages.LoginPage_Sohil.<init>(LoginPage_Sohil.java:25)
at sun.reflect.GeneratedConstructorAccessor13.newInstance(Unknown Source)
at sun.reflect.DelegatingConstructorAccessorImpl.newInstance(DelegatingConstructorAccessorImpl.java:45)
at java.lang.reflect.Constructor.newInstance(Constructor.java:423)
at java.lang.Class.newInstance(Class.java:442)
at org.openqa.selenium.support.PageFactory.instantiatePage(PageFactory.java:131)
at org.openqa.selenium.support.PageFactory.initElements(PageFactory.java:64)
at com.syntax.pages.LoginPage_Sohil.<init>(LoginPage_Sohil.java:25)
at sun.reflect.GeneratedConstructorAccessor13.newInstance(Unknown Source)
at sun.reflect.DelegatingConstructorAccessorImpl.newInstance(DelegatingConstructorAccessorImpl.java:45)
at java.lang.reflect.Constructor.newInstance(Constructor.java:423)
at java.lang.Class.newInstance(Class.java:442)
at org.openqa.selenium.support.PageFactory.instantiatePage(PageFactory.java:131)
at org.openqa.selenium.support.PageFactory.initElements(PageFactory.java:64)
at com.syntax.pages.LoginPage_Sohil.<init>(LoginPage_Sohil.java:25)
at sun.reflect.GeneratedConstructorAccessor13.newInstance(Unknown Source)
at sun.reflect.DelegatingConstructorAccessorImpl.newInstance(DelegatingConstructorAccessorImpl.java:45)
at java.lang.reflect.Constructor.newInstance(Constructor.java:423)
at java.lang.Class.newInstance(Class.java:442)
at org.openqa.selenium.support.PageFactory.instantiatePage(PageFactory.java:131)
at org.openqa.selenium.support.PageFactory.initElements(PageFactory.java:64)
at com.syntax.pages.LoginPage_Sohil.<init>(LoginPage_Sohil.java:25)
at sun.reflect.GeneratedConstructorAccessor13.newInstance(Unknown Source)
at sun.reflect.DelegatingConstructorAccessorImpl.newInstance(DelegatingConstructorAccessorImpl.java:45)
at java.lang.reflect.Constructor.newInstance(Constructor.java:423)
at java.lang.Class.newInstance(Class.java:442)
at org.openqa.selenium.support.PageFactory.instantiatePage(PageFactory.java:131)
at org.openqa.selenium.support.PageFactory.initElements(PageFactory.java:64)
at com.syntax.pages.LoginPage_Sohil.<init>(LoginPage_Sohil.java:25)
at sun.reflect.GeneratedConstructorAccessor13.newInstance(Unknown Source)
at sun.reflect.DelegatingConstructorAccessorImpl.newInstance(DelegatingConstructorAccessorImpl.java:45)
at java.lang.reflect.Constructor.newInstance(Constructor.java:423)
at java.lang.Class.newInstance(Class.java:442)
at org.openqa.selenium.support.PageFactory.instantiatePage(PageFactory.java:131)
at org.openqa.selenium.support.PageFactory.initElements(PageFactory.java:64)
at com.syntax.pages.LoginPage_Sohil.<init>(LoginPage_Sohil.java:25)
at sun.reflect.GeneratedConstructorAccessor13.newInstance(Unknown Source)
at sun.reflect.DelegatingConstructorAccessorImpl.newInstance(DelegatingConstructorAccessorImpl.java:45)
at java.lang.reflect.Constructor.newInstance(Constructor.java:423)
at java.lang.Class.newInstance(Class.java:442)
at org.openqa.selenium.support.PageFactory.instantiatePage(PageFactory.java:131)
at org.openqa.selenium.support.PageFactory.initElements(PageFactory.java:64)
at com.syntax.pages.LoginPage_Sohil.<init>(LoginPage_Sohil.java:25)
at sun.reflect.GeneratedConstructorAccessor13.newInstance(Unknown Source)
at sun.reflect.DelegatingConstructorAccessorImpl.newInstance(DelegatingConstructorAccessorImpl.java:45)
at java.lang.reflect.Constructor.newInstance(Constructor.java:423)
at java.lang.Class.newInstance(Class.java:442)
at org.openqa.selenium.support.PageFactory.instantiatePage(PageFactory.java:131)
at org.openqa.selenium.support.PageFactory.initElements(PageFactory.java:64)
at com.syntax.pages.LoginPage_Sohil.<init>(LoginPage_Sohil.java:25)
at sun.reflect.GeneratedConstructorAccessor13.newInstance(Unknown Source)
at sun.reflect.DelegatingConstructorAccessorImpl.newInstance(DelegatingConstructorAccessorImpl.java:45)
at java.lang.reflect.Constructor.newInstance(Constructor.java:423)
at java.lang.Class.newInstance(Class.java:442)
at org.openqa.selenium.support.PageFactory.instantiatePage(PageFactory.java:131)
at org.openqa.selenium.support.PageFactory.initElements(PageFactory.java:64)
at com.syntax.pages.LoginPage_Sohil.<init>(LoginPage_Sohil.java:25)
at sun.reflect.GeneratedConstructorAccessor13.newInstance(Unknown Source)
at sun.reflect.DelegatingConstructorAccessorImpl.newInstance(DelegatingConstructorAccessorImpl.java:45)
at java.lang.reflect.Constructor.newInstance(Constructor.java:423)
at java.lang.Class.newInstance(Class.java:442)
at org.openqa.selenium.support.PageFactory.instantiatePage(PageFactory.java:131)
at org.openqa.selenium.support.PageFactory.initElements(PageFactory.java:64)
at com.syntax.pages.LoginPage_Sohil.<init>(LoginPage_Sohil.java:25)
at sun.reflect.GeneratedConstructorAccessor13.newInstance(Unknown Source)
at sun.reflect.DelegatingConstructorAccessorImpl.newInstance(DelegatingConstructorAccessorImpl.java:45)
at java.lang.reflect.Constructor.newInstance(Constructor.java:423)
at java.lang.Class.newInstance(Class.java:442)
at org.openqa.selenium.support.PageFactory.instantiatePage(PageFactory.java:131)
at org.openqa.selenium.support.PageFactory.initElements(PageFactory.java:64)
at com.syntax.pages.LoginPage_Sohil.<init>(LoginPage_Sohil.java:25)
at sun.reflect.GeneratedConstructorAccessor13.newInstance(Unknown Source)
at sun.reflect.DelegatingConstructorAccessorImpl.newInstance(DelegatingConstructorAccessorImpl.java:45)
at java.lang.reflect.Constructor.newInstance(Constructor.java:423)
at java.lang.Class.newInstance(Class.java:442)
at org.openqa.selenium.support.PageFactory.instantiatePage(PageFactory.java:131)
at org.openqa.selenium.support.PageFactory.initElements(PageFactory.java:64)
at com.syntax.pages.LoginPage_Sohil.<init>(LoginPage_Sohil.java:25)
at sun.reflect.GeneratedConstructorAccessor13.newInstance(Unknown Source)
at sun.reflect.DelegatingConstructorAccessorImpl.newInstance(DelegatingConstructorAccessorImpl.java:45)
at java.lang.reflect.Constructor.newInstance(Constructor.java:423)
at java.lang.Class.newInstance(Class.java:442)
at org.openqa.selenium.support.PageFactory.instantiatePage(PageFactory.java:131)
at org.openqa.selenium.support.PageFactory.initElements(PageFactory.java:64)
at com.syntax.pages.LoginPage_Sohil.<init>(LoginPage_Sohil.java:25)
at sun.reflect.GeneratedConstructorAccessor13.newInstance(Unknown Source)
at sun.reflect.DelegatingConstructorAccessorImpl.newInstance(DelegatingConstructorAccessorImpl.java:45)
at java.lang.reflect.Constructor.newInstance(Constructor.java:423)
at java.lang.Class.newInstance(Class.java:442)
at org.openqa.selenium.support.PageFactory.instantiatePage(PageFactory.java:131)
at org.openqa.selenium.support.PageFactory.initElements(PageFactory.java:64)
at com.syntax.pages.LoginPage_Sohil.<init>(LoginPage_Sohil.java:25)
at sun.reflect.GeneratedConstructorAccessor13.newInstance(Unknown Source)
at sun.reflect.DelegatingConstructorAccessorImpl.newInstance(DelegatingConstructorAccessorImpl.java:45)
at java.lang.reflect.Constructor.newInstance(Constructor.java:423)
at java.lang.Class.newInstance(Class.java:442)
at org.openqa.selenium.support.PageFactory.instantiatePage(PageFactory.java:131)
at org.openqa.selenium.support.PageFactory.initElements(PageFactory.java:64)
at com.syntax.pages.LoginPage_Sohil.<init>(LoginPage_Sohil.java:25)
at sun.reflect.GeneratedConstructorAccessor13.newInstance(Unknown Source)
at sun.reflect.DelegatingConstructorAccessorImpl.newInstance(DelegatingConstructorAccessorImpl.java:45)
at java.lang.reflect.Constructor.newInstance(Constructor.java:423)
at java.lang.Class.newInstance(Class.java:442)
at org.openqa.selenium.support.PageFactory.instantiatePage(PageFactory.java:131)
at org.openqa.selenium.support.PageFactory.initElements(PageFactory.java:64)
at com.syntax.pages.LoginPage_Sohil.<init>(LoginPage_Sohil.java:25)
at sun.reflect.GeneratedConstructorAccessor13.newInstance(Unknown Source)
at sun.reflect.DelegatingConstructorAccessorImpl.newInstance(DelegatingConstructorAccessorImpl.java:45)
at java.lang.reflect.Constructor.newInstance(Constructor.java:423)
at java.lang.Class.newInstance(Class.java:442)
at org.openqa.selenium.support.PageFactory.instantiatePage(PageFactory.java:131)
at org.openqa.selenium.support.PageFactory.initElements(PageFactory.java:64)
at com.syntax.pages.LoginPage_Sohil.<init>(LoginPage_Sohil.java:25)
at sun.reflect.GeneratedConstructorAccessor13.newInstance(Unknown Source)
at sun.reflect.DelegatingConstructorAccessorImpl.newInstance(DelegatingConstructorAccessorImpl.java:45)
at java.lang.reflect.Constructor.newInstance(Constructor.java:423)
at java.lang.Class.newInstance(Class.java:442)
at org.openqa.selenium.support.PageFactory.instantiatePage(PageFactory.java:131)
at org.openqa.selenium.support.PageFactory.initElements(PageFactory.java:64)
at com.syntax.pages.LoginPage_Sohil.<init>(LoginPage_Sohil.java:25)
at sun.reflect.GeneratedConstructorAccessor13.newInstance(Unknown Source)
at sun.reflect.DelegatingConstructorAccessorImpl.newInstance(DelegatingConstructorAccessorImpl.java:45)
at java.lang.reflect.Constructor.newInstance(Constructor.java:423)
at java.lang.Class.newInstance(Class.java:442)
at org.openqa.selenium.support.PageFactory.instantiatePage(PageFactory.java:131)
at org.openqa.selenium.support.PageFactory.initElements(PageFactory.java:64)
at com.syntax.pages.LoginPage_Sohil.<init>(LoginPage_Sohil.java:25)
at sun.reflect.GeneratedConstructorAccessor13.newInstance(Unknown Source)
at sun.reflect.DelegatingConstructorAccessorImpl.newInstance(DelegatingConstructorAccessorImpl.java:45)
at java.lang.reflect.Constructor.newInstance(Constructor.java:423)
at java.lang.Class.newInstance(Class.java:442)
at org.openqa.selenium.support.PageFactory.instantiatePage(PageFactory.java:131)
at org.openqa.selenium.support.PageFactory.initElements(PageFactory.java:64)
at com.syntax.pages.LoginPage_Sohil.<init>(LoginPage_Sohil.java:25)
at sun.reflect.GeneratedConstructorAccessor13.newInstance(Unknown Source)
at sun.reflect.DelegatingConstructorAccessorImpl.newInstance(DelegatingConstructorAccessorImpl.java:45)
at java.lang.reflect.Constructor.newInstance(Constructor.java:423)
at java.lang.Class.newInstance(Class.java:442)
at org.openqa.selenium.support.PageFactory.instantiatePage(PageFactory.java:131)
at org.openqa.selenium.support.PageFactory.initElements(PageFactory.java:64)
at com.syntax.pages.LoginPage_Sohil.<init>(LoginPage_Sohil.java:25)
at sun.reflect.GeneratedConstructorAccessor13.newInstance(Unknown Source)
at sun.reflect.DelegatingConstructorAccessorImpl.newInstance(DelegatingConstructorAccessorImpl.java:45)
at java.lang.reflect.Constructor.newInstance(Constructor.java:423)
at java.lang.Class.newInstance(Class.java:442)
at org.openqa.selenium.support.PageFactory.instantiatePage(PageFactory.java:131)
at org.openqa.selenium.support.PageFactory.initElements(PageFactory.java:64)
at com.syntax.pages.LoginPage_Sohil.<init>(LoginPage_Sohil.java:25)
at sun.reflect.GeneratedConstructorAccessor13.newInstance(Unknown Source)
at sun.reflect.DelegatingConstructorAccessorImpl.newInstance(DelegatingConstructorAccessorImpl.java:45)
at java.lang.reflect.Constructor.newInstance(Constructor.java:423)
at java.lang.Class.newInstance(Class.java:442)
at org.openqa.selenium.support.PageFactory.instantiatePage(PageFactory.java:131)
at org.openqa.selenium.support.PageFactory.initElements(PageFactory.java:64)
at com.syntax.pages.LoginPage_Sohil.<init>(LoginPage_Sohil.java:25)
at sun.reflect.GeneratedConstructorAccessor13.newInstance(Unknown Source)
at sun.reflect.DelegatingConstructorAccessorImpl.newInstance(DelegatingConstructorAccessorImpl.java:45)
at java.lang.reflect.Constructor.newInstance(Constructor.java:423)
at java.lang.Class.newInstance(Class.java:442)
at org.openqa.selenium.support.PageFactory.instantiatePage(PageFactory.java:131)
at org.openqa.selenium.support.PageFactory.initElements(PageFactory.java:64)
at com.syntax.pages.LoginPage_Sohil.<init>(LoginPage_Sohil.java:25)
at sun.reflect.GeneratedConstructorAccessor13.newInstance(Unknown Source)
at sun.reflect.DelegatingConstructorAccessorImpl.newInstance(DelegatingConstructorAccessorImpl.java:45)
at java.lang.reflect.Constructor.newInstance(Constructor.java:423)
at java.lang.Class.newInstance(Class.java:442)
at org.openqa.selenium.support.PageFactory.instantiatePage(PageFactory.java:131)
at org.openqa.selenium.support.PageFactory.initElements(PageFactory.java:64)
at com.syntax.pages.LoginPage_Sohil.<init>(LoginPage_Sohil.java:25)
at sun.reflect.GeneratedConstructorAccessor13.newInstance(Unknown Source)
at sun.reflect.DelegatingConstructorAccessorImpl.newInstance(DelegatingConstructorAccessorImpl.java:45)
at java.lang.reflect.Constructor.newInstance(Constructor.java:423)
at java.lang.Class.newInstance(Class.java:442)
at org.openqa.selenium.support.PageFactory.instantiatePage(PageFactory.java:131)
at org.openqa.selenium.support.PageFactory.initElements(PageFactory.java:64)
at com.syntax.pages.LoginPage_Sohil.<init>(LoginPage_Sohil.java:25)
at sun.reflect.GeneratedConstructorAccessor13.newInstance(Unknown Source)
at sun.reflect.DelegatingConstructorAccessorImpl.newInstance(DelegatingConstructorAccessorImpl.java:45)
at java.lang.reflect.Constructor.newInstance(Constructor.java:423)
at java.lang.Class.newInstance(Class.java:442)
at org.openqa.selenium.support.PageFactory.instantiatePage(PageFactory.java:131)
at org.openqa.selenium.support.PageFactory.initElements(PageFactory.java:64)
at com.syntax.pages.LoginPage_Sohil.<init>(LoginPage_Sohil.java:25)
at sun.reflect.GeneratedConstructorAccessor13.newInstance(Unknown Source)
at sun.reflect.DelegatingConstructorAccessorImpl.newInstance(DelegatingConstructorAccessorImpl.java:45)
at java.lang.reflect.Constructor.newInstance(Constructor.java:423)
at java.lang.Class.newInstance(Class.java:442)
at org.openqa.selenium.support.PageFactory.instantiatePage(PageFactory.java:131)
at org.openqa.selenium.support.PageFactory.initElements(PageFactory.java:64)
at com.syntax.pages.LoginPage_Sohil.<init>(LoginPage_Sohil.java:25)
at sun.reflect.GeneratedConstructorAccessor13.newInstance(Unknown Source)
at sun.reflect.DelegatingConstructorAccessorImpl.newInstance(DelegatingConstructorAccessorImpl.java:45)
at java.lang.reflect.Constructor.newInstance(Constructor.java:423)
at java.lang.Class.newInstance(Class.java:442)
at org.openqa.selenium.support.PageFactory.instantiatePage(PageFactory.java:131)
at org.openqa.selenium.support.PageFactory.initElements(PageFactory.java:64)
at com.syntax.pages.LoginPage_Sohil.<init>(LoginPage_Sohil.java:25)
at sun.reflect.GeneratedConstructorAccessor13.newInstance(Unknown Source)
at sun.reflect.DelegatingConstructorAccessorImpl.newInstance(DelegatingConstructorAccessorImpl.java:45)
at java.lang.reflect.Constructor.newInstance(Constructor.java:423)
at java.lang.Class.newInstance(Class.java:442)
at org.openqa.selenium.support.PageFactory.instantiatePage(PageFactory.java:131)
at org.openqa.selenium.support.PageFactory.initElements(PageFactory.java:64)
at com.syntax.pages.LoginPage_Sohil.<init>(LoginPage_Sohil.java:25)
at sun.reflect.GeneratedConstructorAccessor13.newInstance(Unknown Source)
at sun.reflect.DelegatingConstructorAccessorImpl.newInstance(DelegatingConstructorAccessorImpl.java:45)
at java.lang.reflect.Constructor.newInstance(Constructor.java:423)
at java.lang.Class.newInstance(Class.java:442)
at org.openqa.selenium.support.PageFactory.instantiatePage(PageFactory.java:131)
at org.openqa.selenium.support.PageFactory.initElements(PageFactory.java:64)
at com.syntax.pages.LoginPage_Sohil.<init>(LoginPage_Sohil.java:25)
at sun.reflect.GeneratedConstructorAccessor13.newInstance(Unknown Source)
at sun.reflect.DelegatingConstructorAccessorImpl.newInstance(DelegatingConstructorAccessorImpl.java:45)
at java.lang.reflect.Constructor.newInstance(Constructor.java:423)
at java.lang.Class.newInstance(Class.java:442)
at org.openqa.selenium.support.PageFactory.instantiatePage(PageFactory.java:131)
at org.openqa.selenium.support.PageFactory.initElements(PageFactory.java:64)
at com.syntax.pages.LoginPage_Sohil.<init>(LoginPage_Sohil.java:25)
at sun.reflect.GeneratedConstructorAccessor13.newInstance(Unknown Source)
at sun.reflect.DelegatingConstructorAccessorImpl.newInstance(DelegatingConstructorAccessorImpl.java:45)
at java.lang.reflect.Constructor.newInstance(Constructor.java:423)
at java.lang.Class.newInstance(Class.java:442)
at org.openqa.selenium.support.PageFactory.instantiatePage(PageFactory.java:131)
at org.openqa.selenium.support.PageFactory.initElements(PageFactory.java:64)
at com.syntax.pages.LoginPage_Sohil.<init>(LoginPage_Sohil.java:25)
at sun.reflect.GeneratedConstructorAccessor13.newInstance(Unknown Source)
at sun.reflect.DelegatingConstructorAccessorImpl.newInstance(DelegatingConstructorAccessorImpl.java:45)
at java.lang.reflect.Constructor.newInstance(Constructor.java:423)
at java.lang.Class.newInstance(Class.java:442)
at org.openqa.selenium.support.PageFactory.instantiatePage(PageFactory.java:131)
at org.openqa.selenium.support.PageFactory.initElements(PageFactory.java:64)
at com.syntax.pages.LoginPage_Sohil.<init>(LoginPage_Sohil.java:25)
at sun.reflect.GeneratedConstructorAccessor13.newInstance(Unknown Source)
at sun.reflect.DelegatingConstructorAccessorImpl.newInstance(DelegatingConstructorAccessorImpl.java:45)
at java.lang.reflect.Constructor.newInstance(Constructor.java:423)
at java.lang.Class.newInstance(Class.java:442)
at org.openqa.selenium.support.PageFactory.instantiatePage(PageFactory.java:131)
at org.openqa.selenium.support.PageFactory.initElements(PageFactory.java:64)
at com.syntax.pages.LoginPage_Sohil.<init>(LoginPage_Sohil.java:25)
at sun.reflect.GeneratedConstructorAccessor13.newInstance(Unknown Source)
at sun.reflect.DelegatingConstructorAccessorImpl.newInstance(DelegatingConstructorAccessorImpl.java:45)
at java.lang.reflect.Constructor.newInstance(Constructor.java:423)
at java.lang.Class.newInstance(Class.java:442)
at org.openqa.selenium.support.PageFactory.instantiatePage(PageFactory.java:131)
at org.openqa.selenium.support.PageFactory.initElements(PageFactory.java:64)
at com.syntax.pages.LoginPage_Sohil.<init>(LoginPage_Sohil.java:25)
at sun.reflect.GeneratedConstructorAccessor13.newInstance(Unknown Source)
at sun.reflect.DelegatingConstructorAccessorImpl.newInstance(DelegatingConstructorAccessorImpl.java:45)
at java.lang.reflect.Constructor.newInstance(Constructor.java:423)
at java.lang.Class.newInstance(Class.java:442)
at org.openqa.selenium.support.PageFactory.instantiatePage(PageFactory.java:131)
at org.openqa.selenium.support.PageFactory.initElements(PageFactory.java:64)
]]>
    </error>
  </testcase> <!-- loginWithInvC -->
</testsuite> <!-- com.syntax.testcases.LoginPage_SohilTest -->
