<?xml version="1.0" encoding="UTF-8"?>
<!-- Generated by org.testng.reporters.JUnitXMLReporter -->
<testsuite hostname="Ahmets-MBP.home" ignored="0" name="Default test" tests="3" failures="0" timestamp="25 Jun 2019 21:16:23 GMT" time="0.057" errors="0">
  <testcase name="arrayData" time="0.007" classname="com.syntax.testcases.SimpleArrayObj"/>
  <testcase name="arrayData" time="0.006" classname="com.syntax.testcases.SimpleArrayObj"/>
  <testcase name="arrayData" time="0.002" classname="com.syntax.testcases.SimpleArrayObj"/>
</testsuite> <!-- Default test -->
