<?xml version="1.0" encoding="UTF-8"?>
<!-- Generated by org.testng.reporters.JUnitXMLReporter -->
<testsuite hostname="Ahmets-MBP.home" ignored="16" name="Regression Test" tests="2" failures="1" timestamp="20 Jun 2019 12:20:56 GMT" time="7.212" errors="0">
  <testcase name="negativeLogin" time="1.386" classname="com.syntax.testcases.LoginPageTest_oldOne"/>
  <testcase name="negativeLogin" time="0.002" classname="com.syntax.testcases.LoginPageTest">
    <failure type="java.lang.NullPointerException">
      <![CDATA[java.lang.NullPointerException
at com.syntax.testcases.LoginPageTest.negativeLogin(LoginPageTest.java:53)
... Removed 25 stack frames]]>
    </failure>
  </testcase> <!-- negativeLogin -->
  <testcase name="readExcel" time="0.0" classname="com.syntax.testcases.ExcelDemo">
    <ignored/>
  </testcase> <!-- readExcel -->
  <testcase name="@BeforeTest generateReport" time="0.0" classname="com.syntax.utils.BaseClass">
    <ignored/>
  </testcase> <!-- @BeforeTest generateReport -->
  <testcase name="@BeforeTest generateReport" time="0.0" classname="com.syntax.utils.BaseClass">
    <ignored/>
  </testcase> <!-- @BeforeTest generateReport -->
  <testcase name="@AfterTest flushReport" time="0.0" classname="com.syntax.utils.BaseClass_OldOne">
    <ignored/>
  </testcase> <!-- @AfterTest flushReport -->
  <testcase name="@AfterTest flushReport" time="0.0" classname="com.syntax.utils.BaseClass_OldOne">
    <ignored/>
  </testcase> <!-- @AfterTest flushReport -->
  <testcase name="loginToOrangeHRM" time="0.0" classname="com.syntax.testcases.LoginPageTest">
    <ignored/>
  </testcase> <!-- loginToOrangeHRM -->
  <testcase name="doLogin" time="0.0" classname="com.syntax.testcases.LoginPageTest_oldOne">
    <ignored/>
  </testcase> <!-- doLogin -->
  <testcase name="loginToOrangeHRM" time="0.0" classname="com.syntax.testcases.LoginPageTest_oldOne">
    <ignored/>
  </testcase> <!-- loginToOrangeHRM -->
  <testcase name="doLogin" time="0.0" classname="com.syntax.testcases.LoginPageTest">
    <ignored/>
  </testcase> <!-- doLogin -->
  <testcase name="addEmployee" time="0.0" classname="com.syntax.testcases.AddEmployeePageTest">
    <ignored/>
  </testcase> <!-- addEmployee -->
  <testcase name="AddEmployee" time="0.0" classname="com.syntax.testcases.AddEmployeePageEsin">
    <ignored/>
  </testcase> <!-- AddEmployee -->
  <testcase name="@AfterTest flushReport" time="0.0" classname="com.syntax.utils.BaseClass">
    <ignored/>
  </testcase> <!-- @AfterTest flushReport -->
  <testcase name="@AfterTest flushReport" time="0.0" classname="com.syntax.utils.BaseClass">
    <ignored/>
  </testcase> <!-- @AfterTest flushReport -->
  <testcase name="loginCourses" time="0.0" classname="com.syntax.testcases.AddTrainingCoursesPageTest">
    <ignored/>
  </testcase> <!-- loginCourses -->
  <testcase name="@BeforeTest generateReport" time="0.0" classname="com.syntax.utils.BaseClass_OldOne">
    <ignored/>
  </testcase> <!-- @BeforeTest generateReport -->
  <testcase name="@BeforeTest generateReport" time="0.0" classname="com.syntax.utils.BaseClass_OldOne">
    <ignored/>
  </testcase> <!-- @BeforeTest generateReport -->
</testsuite> <!-- Regression Test -->
